[ 2015-10-12T09:30:07+08:00 ] 127.0.0.1 /think/flyingtabs/go/index.php?m=User&a=login
NOTIC: [8] Use of undefined constant GROUP_NAME - assumed 'GROUP_NAME' D:\amp\apache\htdocs\static\think\ThinkPHP\Lib\Core\App.class.php 第 61 行.
INFO: [ app_begin ] --START--
INFO: ReadHtmlCache Behavior ::run [ RunTime:0.000664s ]
INFO: [ app_begin ] --END-- [ RunTime:0.061433s ]
INFO: [ view_parse ] --START--
INFO: ParseTemplate Behavior ::run [ RunTime:0.009631s ]
INFO: [ view_parse ] --END-- [ RunTime:0.009733s ]
INFO: [ view_filter ] --START--
NOTIC: [8] Use of undefined constant APP_TMPL_PATH - assumed 'APP_TMPL_PATH' D:\amp\apache\htdocs\static\think\ThinkPHP\Lib\Behavior\ContentReplaceBehavior.class.php 第 40 行.
NOTIC: [8] Use of undefined constant APP_TMPL_PATH - assumed 'APP_TMPL_PATH' D:\amp\apache\htdocs\static\think\ThinkPHP\Lib\Behavior\ContentReplaceBehavior.class.php 第 47 行.
INFO: ContentReplace Behavior ::run [ RunTime:0.000787s ]
INFO: TokenBuild Behavior ::run [ RunTime:0.000818s ]
INFO: WriteHtmlCache Behavior ::run [ RunTime:0.000748s ]
INFO: ShowRuntime Behavior ::run [ RunTime:0.000667s ]
INFO: [ view_filter ] --END-- [ RunTime:0.003283s ]
INFO: [ view_end ] --START--
INFO: ShowPageTrace Behavior ::run [ RunTime:0.000610s ]
INFO: [ view_end ] --END-- [ RunTime:0.000656s ]

[ 2015-10-12T09:39:28+08:00 ] 127.0.0.1 /think/flyingtabs/go/index.php?m=User&a=login
NOTIC: [8] Use of undefined constant GROUP_NAME - assumed 'GROUP_NAME' D:\amp\apache\htdocs\static\think\ThinkPHP\Lib\Core\App.class.php 第 61 行.
INFO: [ app_begin ] --START--
INFO: ReadHtmlCache Behavior ::run [ RunTime:0.001543s ]
INFO: [ app_begin ] --END-- [ RunTime:0.001697s ]
ERR: 模板不存在[../Tpl/User/login.html]

[ 2015-10-12T09:39:55+08:00 ] 127.0.0.1 /think/flyingtabs/go/index.php?m=User&a=login
NOTIC: [8] Use of undefined constant GROUP_NAME - assumed 'GROUP_NAME' D:\amp\apache\htdocs\static\think\ThinkPHP\Lib\Core\App.class.php 第 61 行.
INFO: [ app_begin ] --START--
INFO: ReadHtmlCache Behavior ::run [ RunTime:0.000839s ]
INFO: [ app_begin ] --END-- [ RunTime:0.000924s ]
INFO: [ view_parse ] --START--
INFO: ParseTemplate Behavior ::run [ RunTime:0.015926s ]
INFO: [ view_parse ] --END-- [ RunTime:0.016056s ]
INFO: [ view_filter ] --START--
INFO: ContentReplace Behavior ::run [ RunTime:0.000753s ]
INFO: TokenBuild Behavior ::run [ RunTime:0.000810s ]
INFO: WriteHtmlCache Behavior ::run [ RunTime:0.000494s ]
INFO: ShowRuntime Behavior ::run [ RunTime:0.000574s ]
INFO: [ view_filter ] --END-- [ RunTime:0.002881s ]
INFO: [ view_end ] --START--
INFO: ShowPageTrace Behavior ::run [ RunTime:0.000667s ]
INFO: [ view_end ] --END-- [ RunTime:0.000719s ]

[ 2015-10-12T09:41:41+08:00 ] 127.0.0.1 /think/flyingtabs/go/index.php?m=User&a=login
NOTIC: [8] Use of undefined constant GROUP_NAME - assumed 'GROUP_NAME' D:\amp\apache\htdocs\static\think\ThinkPHP\Lib\Core\App.class.php 第 61 行.
INFO: [ app_begin ] --START--
INFO: ReadHtmlCache Behavior ::run [ RunTime:0.000815s ]
INFO: [ app_begin ] --END-- [ RunTime:0.000921s ]
INFO: [ view_parse ] --START--
INFO: ParseTemplate Behavior ::run [ RunTime:0.010453s ]
INFO: [ view_parse ] --END-- [ RunTime:0.010547s ]
INFO: [ view_filter ] --START--
INFO: ContentReplace Behavior ::run [ RunTime:0.000616s ]
INFO: TokenBuild Behavior ::run [ RunTime:0.000534s ]
INFO: WriteHtmlCache Behavior ::run [ RunTime:0.000480s ]
INFO: ShowRuntime Behavior ::run [ RunTime:0.002564s ]
INFO: [ view_filter ] --END-- [ RunTime:0.004414s ]
INFO: [ view_end ] --START--
INFO: ShowPageTrace Behavior ::run [ RunTime:0.001205s ]
INFO: [ view_end ] --END-- [ RunTime:0.001303s ]

[ 2015-10-12T09:41:45+08:00 ] 127.0.0.1 /think/flyingtabs/go/index.php?m=User&a=login
NOTIC: [8] Use of undefined constant GROUP_NAME - assumed 'GROUP_NAME' D:\amp\apache\htdocs\static\think\ThinkPHP\Lib\Core\App.class.php 第 61 行.
INFO: [ app_begin ] --START--
INFO: ReadHtmlCache Behavior ::run [ RunTime:0.000547s ]
INFO: [ app_begin ] --END-- [ RunTime:0.000618s ]
INFO: [ view_parse ] --START--
INFO: ParseTemplate Behavior ::run [ RunTime:0.006216s ]
INFO: [ view_parse ] --END-- [ RunTime:0.006290s ]
INFO: [ view_filter ] --START--
INFO: ContentReplace Behavior ::run [ RunTime:0.000452s ]
INFO: TokenBuild Behavior ::run [ RunTime:0.000384s ]
INFO: WriteHtmlCache Behavior ::run [ RunTime:0.000316s ]
INFO: ShowRuntime Behavior ::run [ RunTime:0.000409s ]
INFO: [ view_filter ] --END-- [ RunTime:0.001715s ]
INFO: [ view_end ] --START--
INFO: ShowPageTrace Behavior ::run [ RunTime:0.000535s ]
INFO: [ view_end ] --END-- [ RunTime:0.000578s ]

[ 2015-10-12T09:50:01+08:00 ] 127.0.0.1 /think/flyingtabs/go/index.php/User/login
INFO: [ route_check ] --START--
INFO: CheckRoute Behavior ::run [ RunTime:0.006247s ]
INFO: [ route_check ] --END-- [ RunTime:0.006354s ]
NOTIC: [8] Use of undefined constant GROUP_NAME - assumed 'GROUP_NAME' D:\amp\apache\htdocs\static\think\ThinkPHP\Lib\Core\App.class.php 第 61 行.
INFO: [ app_begin ] --START--
INFO: ReadHtmlCache Behavior ::run [ RunTime:0.005863s ]
INFO: [ app_begin ] --END-- [ RunTime:0.005934s ]
INFO: [ view_parse ] --START--
INFO: ParseTemplate Behavior ::run [ RunTime:0.046864s ]
INFO: [ view_parse ] --END-- [ RunTime:0.046974s ]
INFO: [ view_filter ] --START--
INFO: ContentReplace Behavior ::run [ RunTime:0.004865s ]
INFO: TokenBuild Behavior ::run [ RunTime:0.004979s ]
INFO: WriteHtmlCache Behavior ::run [ RunTime:0.004690s ]
INFO: ShowRuntime Behavior ::run [ RunTime:0.005015s ]
INFO: [ view_filter ] --END-- [ RunTime:0.019773s ]
INFO: [ view_end ] --START--
INFO: ShowPageTrace Behavior ::run [ RunTime:0.004872s ]
INFO: [ view_end ] --END-- [ RunTime:0.004936s ]

[ 2015-10-12T09:50:45+08:00 ] 127.0.0.1 /think/flyingtabs/go/index.php/User/login
INFO: [ route_check ] --START--
INFO: CheckRoute Behavior ::run [ RunTime:0.000985s ]
INFO: [ route_check ] --END-- [ RunTime:0.001060s ]
NOTIC: [8] Use of undefined constant GROUP_NAME - assumed 'GROUP_NAME' D:\amp\apache\htdocs\static\think\ThinkPHP\Lib\Core\App.class.php 第 61 行.
INFO: [ app_begin ] --START--
INFO: ReadHtmlCache Behavior ::run [ RunTime:0.000721s ]
INFO: [ app_begin ] --END-- [ RunTime:0.000780s ]
INFO: [ view_parse ] --START--
INFO: ParseTemplate Behavior ::run [ RunTime:0.008967s ]
INFO: [ view_parse ] --END-- [ RunTime:0.009066s ]
INFO: [ view_filter ] --START--
INFO: ContentReplace Behavior ::run [ RunTime:0.000636s ]
INFO: TokenBuild Behavior ::run [ RunTime:0.000628s ]
INFO: WriteHtmlCache Behavior ::run [ RunTime:0.000533s ]
INFO: ShowRuntime Behavior ::run [ RunTime:0.000678s ]
INFO: [ view_filter ] --END-- [ RunTime:0.002636s ]
INFO: [ view_end ] --START--
INFO: ShowPageTrace Behavior ::run [ RunTime:0.000770s ]
INFO: [ view_end ] --END-- [ RunTime:0.000823s ]

[ 2015-10-12T09:51:56+08:00 ] 127.0.0.1 /think/flyingtabs/go/index.php/User/login
INFO: [ route_check ] --START--
INFO: CheckRoute Behavior ::run [ RunTime:0.000747s ]
INFO: [ route_check ] --END-- [ RunTime:0.000822s ]
NOTIC: [8] Use of undefined constant GROUP_NAME - assumed 'GROUP_NAME' D:\amp\apache\htdocs\static\think\ThinkPHP\Lib\Core\App.class.php 第 61 行.
INFO: [ app_begin ] --START--
INFO: ReadHtmlCache Behavior ::run [ RunTime:0.000634s ]
INFO: [ app_begin ] --END-- [ RunTime:0.000699s ]
INFO: [ view_parse ] --START--
INFO: ParseTemplate Behavior ::run [ RunTime:0.006268s ]
INFO: [ view_parse ] --END-- [ RunTime:0.006347s ]
INFO: [ view_filter ] --START--
INFO: ContentReplace Behavior ::run [ RunTime:0.000453s ]
INFO: TokenBuild Behavior ::run [ RunTime:0.000488s ]
INFO: WriteHtmlCache Behavior ::run [ RunTime:0.000342s ]
INFO: ShowRuntime Behavior ::run [ RunTime:0.000467s ]
INFO: [ view_filter ] --END-- [ RunTime:0.001893s ]
INFO: [ view_end ] --START--
INFO: ShowPageTrace Behavior ::run [ RunTime:0.000621s ]
INFO: [ view_end ] --END-- [ RunTime:0.000669s ]

[ 2015-10-12T09:59:54+08:00 ] 127.0.0.1 /think/flyingtabs/go/index.php/User/login
INFO: [ route_check ] --START--
INFO: CheckRoute Behavior ::run [ RunTime:0.000942s ]
INFO: [ route_check ] --END-- [ RunTime:0.001045s ]
NOTIC: [8] Use of undefined constant GROUP_NAME - assumed 'GROUP_NAME' D:\amp\apache\htdocs\static\think\ThinkPHP\Lib\Core\App.class.php 第 61 行.
INFO: [ app_begin ] --START--
INFO: ReadHtmlCache Behavior ::run [ RunTime:0.000627s ]
INFO: [ app_begin ] --END-- [ RunTime:0.000681s ]
INFO: [ view_parse ] --START--
INFO: ParseTemplate Behavior ::run [ RunTime:0.010349s ]
INFO: [ view_parse ] --END-- [ RunTime:0.010436s ]
INFO: [ view_filter ] --START--
INFO: ContentReplace Behavior ::run [ RunTime:0.000563s ]
INFO: TokenBuild Behavior ::run [ RunTime:0.000530s ]
INFO: WriteHtmlCache Behavior ::run [ RunTime:0.000453s ]
INFO: ShowRuntime Behavior ::run [ RunTime:0.000588s ]
INFO: [ view_filter ] --END-- [ RunTime:0.002291s ]
INFO: [ view_end ] --START--
INFO: ShowPageTrace Behavior ::run [ RunTime:0.000700s ]
INFO: [ view_end ] --END-- [ RunTime:0.000756s ]

[ 2015-10-12T10:08:00+08:00 ] 127.0.0.1 /think/flyingtabs/go/index.php/User/login
INFO: [ route_check ] --START--
INFO: CheckRoute Behavior ::run [ RunTime:0.000961s ]
INFO: [ route_check ] --END-- [ RunTime:0.001045s ]
NOTIC: [8] Use of undefined constant GROUP_NAME - assumed 'GROUP_NAME' D:\amp\apache\htdocs\static\think\ThinkPHP\Lib\Core\App.class.php 第 61 行.
INFO: [ app_begin ] --START--
INFO: ReadHtmlCache Behavior ::run [ RunTime:0.000656s ]
INFO: [ app_begin ] --END-- [ RunTime:0.000710s ]
INFO: [ view_parse ] --START--
INFO: ParseTemplate Behavior ::run [ RunTime:0.010288s ]
INFO: [ view_parse ] --END-- [ RunTime:0.010382s ]
INFO: [ view_filter ] --START--
INFO: ContentReplace Behavior ::run [ RunTime:0.000569s ]
INFO: TokenBuild Behavior ::run [ RunTime:0.000498s ]
INFO: WriteHtmlCache Behavior ::run [ RunTime:0.000411s ]
INFO: ShowRuntime Behavior ::run [ RunTime:0.000529s ]
INFO: [ view_filter ] --END-- [ RunTime:0.002144s ]
INFO: [ view_end ] --START--
INFO: ShowPageTrace Behavior ::run [ RunTime:0.000701s ]
INFO: [ view_end ] --END-- [ RunTime:0.000751s ]

[ 2015-10-12T10:32:22+08:00 ] 127.0.0.1 /think/flyingtabs/go/index.php
NOTIC: [8] Use of undefined constant GROUP_NAME - assumed 'GROUP_NAME' D:\amp\apache\htdocs\static\think\ThinkPHP\Lib\Core\App.class.php 第 61 行.
INFO: [ app_begin ] --START--
INFO: ReadHtmlCache Behavior ::run [ RunTime:0.001165s ]
INFO: [ app_begin ] --END-- [ RunTime:0.001297s ]
INFO: [ view_parse ] --START--
INFO: ParseTemplate Behavior ::run [ RunTime:0.009119s ]
INFO: [ view_parse ] --END-- [ RunTime:0.009276s ]
INFO: [ view_filter ] --START--
NOTIC: [8] Use of undefined constant APP_TMPL_PATH - assumed 'APP_TMPL_PATH' D:\amp\apache\htdocs\static\think\ThinkPHP\Lib\Behavior\ContentReplaceBehavior.class.php 第 40 行.
NOTIC: [8] Use of undefined constant APP_TMPL_PATH - assumed 'APP_TMPL_PATH' D:\amp\apache\htdocs\static\think\ThinkPHP\Lib\Behavior\ContentReplaceBehavior.class.php 第 47 行.
INFO: ContentReplace Behavior ::run [ RunTime:0.000695s ]
INFO: TokenBuild Behavior ::run [ RunTime:0.000597s ]
INFO: WriteHtmlCache Behavior ::run [ RunTime:0.000549s ]
INFO: ShowRuntime Behavior ::run [ RunTime:0.000592s ]
INFO: [ view_filter ] --END-- [ RunTime:0.002575s ]
INFO: [ view_end ] --START--
INFO: ShowPageTrace Behavior ::run [ RunTime:0.000668s ]
INFO: [ view_end ] --END-- [ RunTime:0.000712s ]

[ 2015-10-12T10:32:29+08:00 ] 127.0.0.1 /think/flyingtabs/go/
NOTIC: [8] Use of undefined constant GROUP_NAME - assumed 'GROUP_NAME' D:\amp\apache\htdocs\static\think\ThinkPHP\Lib\Core\App.class.php 第 61 行.
INFO: [ app_begin ] --START--
INFO: ReadHtmlCache Behavior ::run [ RunTime:0.000659s ]
INFO: [ app_begin ] --END-- [ RunTime:0.000728s ]
INFO: [ view_parse ] --START--
INFO: ParseTemplate Behavior ::run [ RunTime:0.001083s ]
INFO: [ view_parse ] --END-- [ RunTime:0.001180s ]
INFO: [ view_filter ] --START--
NOTIC: [8] Use of undefined constant APP_TMPL_PATH - assumed 'APP_TMPL_PATH' D:\amp\apache\htdocs\static\think\ThinkPHP\Lib\Behavior\ContentReplaceBehavior.class.php 第 40 行.
NOTIC: [8] Use of undefined constant APP_TMPL_PATH - assumed 'APP_TMPL_PATH' D:\amp\apache\htdocs\static\think\ThinkPHP\Lib\Behavior\ContentReplaceBehavior.class.php 第 47 行.
INFO: ContentReplace Behavior ::run [ RunTime:0.000503s ]
INFO: TokenBuild Behavior ::run [ RunTime:0.000500s ]
INFO: WriteHtmlCache Behavior ::run [ RunTime:0.000469s ]
INFO: ShowRuntime Behavior ::run [ RunTime:0.000623s ]
INFO: [ view_filter ] --END-- [ RunTime:0.002251s ]
INFO: [ view_end ] --START--
INFO: ShowPageTrace Behavior ::run [ RunTime:0.000857s ]
INFO: [ view_end ] --END-- [ RunTime:0.000958s ]

[ 2015-10-12T10:34:16+08:00 ] 127.0.0.1 /think/flyingtabs/go/
NOTIC: [8] Use of undefined constant GROUP_NAME - assumed 'GROUP_NAME' D:\amp\apache\htdocs\static\think\ThinkPHP\Lib\Core\App.class.php 第 61 行.
INFO: [ app_begin ] --START--
INFO: ReadHtmlCache Behavior ::run [ RunTime:0.000687s ]
INFO: [ app_begin ] --END-- [ RunTime:0.000775s ]

[ 2015-10-12T10:34:43+08:00 ] 127.0.0.1 /think/flyingtabs/go/
NOTIC: [8] Use of undefined constant GROUP_NAME - assumed 'GROUP_NAME' D:\amp\apache\htdocs\static\think\ThinkPHP\Lib\Core\App.class.php 第 61 行.
INFO: [ app_begin ] --START--
INFO: ReadHtmlCache Behavior ::run [ RunTime:0.001887s ]
INFO: [ app_begin ] --END-- [ RunTime:0.001995s ]
INFO: [ view_parse ] --START--
INFO: ParseTemplate Behavior ::run [ RunTime:0.033099s ]
INFO: [ view_parse ] --END-- [ RunTime:0.033221s ]
INFO: [ view_filter ] --START--
INFO: ContentReplace Behavior ::run [ RunTime:0.000721s ]
INFO: TokenBuild Behavior ::run [ RunTime:0.000681s ]
INFO: WriteHtmlCache Behavior ::run [ RunTime:0.000578s ]
INFO: ShowRuntime Behavior ::run [ RunTime:0.000704s ]
INFO: [ view_filter ] --END-- [ RunTime:0.002929s ]
INFO: [ view_end ] --START--
INFO: ShowPageTrace Behavior ::run [ RunTime:0.000852s ]
INFO: [ view_end ] --END-- [ RunTime:0.000912s ]

[ 2015-10-12T10:35:20+08:00 ] 127.0.0.1 /think/flyingtabs/go/
NOTIC: [8] Use of undefined constant GROUP_NAME - assumed 'GROUP_NAME' D:\amp\apache\htdocs\static\think\ThinkPHP\Lib\Core\App.class.php 第 61 行.
INFO: [ app_begin ] --START--
INFO: ReadHtmlCache Behavior ::run [ RunTime:0.000823s ]
INFO: [ app_begin ] --END-- [ RunTime:0.000901s ]
INFO: [ view_parse ] --START--
INFO: ParseTemplate Behavior ::run [ RunTime:0.008239s ]
INFO: [ view_parse ] --END-- [ RunTime:0.008357s ]
INFO: [ view_filter ] --START--
INFO: ContentReplace Behavior ::run [ RunTime:0.000842s ]
INFO: TokenBuild Behavior ::run [ RunTime:0.000925s ]
INFO: WriteHtmlCache Behavior ::run [ RunTime:0.000654s ]
INFO: ShowRuntime Behavior ::run [ RunTime:0.000880s ]
INFO: [ view_filter ] --END-- [ RunTime:0.003599s ]
INFO: [ view_end ] --START--
INFO: ShowPageTrace Behavior ::run [ RunTime:0.001006s ]
INFO: [ view_end ] --END-- [ RunTime:0.001121s ]

[ 2015-10-12T10:35:28+08:00 ] 127.0.0.1 /think/flyingtabs/go/
NOTIC: [8] Use of undefined constant GROUP_NAME - assumed 'GROUP_NAME' D:\amp\apache\htdocs\static\think\ThinkPHP\Lib\Core\App.class.php 第 61 行.
INFO: [ app_begin ] --START--
INFO: ReadHtmlCache Behavior ::run [ RunTime:0.000613s ]
INFO: [ app_begin ] --END-- [ RunTime:0.000687s ]
INFO: [ view_parse ] --START--
INFO: ParseTemplate Behavior ::run [ RunTime:0.007440s ]
INFO: [ view_parse ] --END-- [ RunTime:0.007525s ]
INFO: [ view_filter ] --START--
INFO: ContentReplace Behavior ::run [ RunTime:0.000418s ]
INFO: TokenBuild Behavior ::run [ RunTime:0.000495s ]
INFO: WriteHtmlCache Behavior ::run [ RunTime:0.000359s ]
INFO: ShowRuntime Behavior ::run [ RunTime:0.000510s ]
INFO: [ view_filter ] --END-- [ RunTime:0.001951s ]
INFO: [ view_end ] --START--
INFO: ShowPageTrace Behavior ::run [ RunTime:0.000612s ]
INFO: [ view_end ] --END-- [ RunTime:0.000658s ]

[ 2015-10-12T10:36:04+08:00 ] 127.0.0.1 /think/flyingtabs/go/
NOTIC: [8] Use of undefined constant GROUP_NAME - assumed 'GROUP_NAME' D:\amp\apache\htdocs\static\think\ThinkPHP\Lib\Core\App.class.php 第 61 行.
INFO: [ app_begin ] --START--
INFO: ReadHtmlCache Behavior ::run [ RunTime:0.001260s ]
INFO: [ app_begin ] --END-- [ RunTime:0.001393s ]
INFO: [ view_parse ] --START--
INFO: ParseTemplate Behavior ::run [ RunTime:0.010926s ]
INFO: [ view_parse ] --END-- [ RunTime:0.011020s ]
INFO: [ view_filter ] --START--
INFO: ContentReplace Behavior ::run [ RunTime:0.000637s ]
INFO: TokenBuild Behavior ::run [ RunTime:0.000790s ]
INFO: WriteHtmlCache Behavior ::run [ RunTime:0.000829s ]
INFO: ShowRuntime Behavior ::run [ RunTime:0.001006s ]
INFO: [ view_filter ] --END-- [ RunTime:0.003543s ]
INFO: [ view_end ] --START--
INFO: ShowPageTrace Behavior ::run [ RunTime:0.001127s ]
INFO: [ view_end ] --END-- [ RunTime:0.001222s ]

[ 2015-10-12T10:45:07+08:00 ] 127.0.0.1 /think/flyingtabs/go/
NOTIC: [8] Use of undefined constant GROUP_NAME - assumed 'GROUP_NAME' D:\amp\apache\htdocs\static\think\ThinkPHP\Lib\Core\App.class.php 第 61 行.
INFO: [ app_begin ] --START--
INFO: ReadHtmlCache Behavior ::run [ RunTime:0.000644s ]
INFO: [ app_begin ] --END-- [ RunTime:0.000716s ]
INFO: [ view_parse ] --START--
INFO: ParseTemplate Behavior ::run [ RunTime:0.009544s ]
INFO: [ view_parse ] --END-- [ RunTime:0.009628s ]
INFO: [ view_filter ] --START--
INFO: ContentReplace Behavior ::run [ RunTime:0.000593s ]
INFO: TokenBuild Behavior ::run [ RunTime:0.000496s ]
INFO: WriteHtmlCache Behavior ::run [ RunTime:0.000391s ]
INFO: ShowRuntime Behavior ::run [ RunTime:0.000534s ]
INFO: [ view_filter ] --END-- [ RunTime:0.002161s ]
INFO: [ view_end ] --START--
INFO: ShowPageTrace Behavior ::run [ RunTime:0.000605s ]
INFO: [ view_end ] --END-- [ RunTime:0.000647s ]

[ 2015-10-12T10:45:42+08:00 ] 127.0.0.1 /think/flyingtabs/go/
NOTIC: [8] Use of undefined constant GROUP_NAME - assumed 'GROUP_NAME' D:\amp\apache\htdocs\static\think\ThinkPHP\Lib\Core\App.class.php 第 61 行.
INFO: [ app_begin ] --START--
INFO: ReadHtmlCache Behavior ::run [ RunTime:0.000681s ]
INFO: [ app_begin ] --END-- [ RunTime:0.000746s ]
INFO: [ view_parse ] --START--
INFO: ParseTemplate Behavior ::run [ RunTime:0.009035s ]
INFO: [ view_parse ] --END-- [ RunTime:0.009136s ]
INFO: [ view_filter ] --START--
INFO: ContentReplace Behavior ::run [ RunTime:0.000582s ]
INFO: TokenBuild Behavior ::run [ RunTime:0.000469s ]
INFO: WriteHtmlCache Behavior ::run [ RunTime:0.000361s ]
INFO: ShowRuntime Behavior ::run [ RunTime:0.000493s ]
INFO: [ view_filter ] --END-- [ RunTime:0.002066s ]
INFO: [ view_end ] --START--
INFO: ShowPageTrace Behavior ::run [ RunTime:0.000617s ]
INFO: [ view_end ] --END-- [ RunTime:0.000670s ]

[ 2015-10-12T10:47:41+08:00 ] 127.0.0.1 /think/flyingtabs/go/
NOTIC: [8] Use of undefined constant GROUP_NAME - assumed 'GROUP_NAME' D:\amp\apache\htdocs\static\think\ThinkPHP\Lib\Core\App.class.php 第 61 行.
INFO: [ app_begin ] --START--
INFO: ReadHtmlCache Behavior ::run [ RunTime:0.000777s ]
INFO: [ app_begin ] --END-- [ RunTime:0.000851s ]
INFO: [ view_parse ] --START--
NOTIC: [8] Use of undefined constant INDEX_PATH - assumed 'INDEX_PATH' D:\amp\apache\htdocs\static\think\flyingtabs\Runtime\Cache\GROUP_NAME\3711c696ebb489668c5c5e6a640170da.php 第 9 行.
INFO: ParseTemplate Behavior ::run [ RunTime:0.010852s ]
INFO: [ view_parse ] --END-- [ RunTime:0.010926s ]
INFO: [ view_filter ] --START--
INFO: ContentReplace Behavior ::run [ RunTime:0.000610s ]
INFO: TokenBuild Behavior ::run [ RunTime:0.000536s ]
INFO: WriteHtmlCache Behavior ::run [ RunTime:0.000510s ]
INFO: ShowRuntime Behavior ::run [ RunTime:0.000599s ]
INFO: [ view_filter ] --END-- [ RunTime:0.002419s ]
INFO: [ view_end ] --START--
INFO: ShowPageTrace Behavior ::run [ RunTime:0.000689s ]
INFO: [ view_end ] --END-- [ RunTime:0.000736s ]

[ 2015-10-12T10:48:22+08:00 ] 127.0.0.1 /think/flyingtabs/go/
NOTIC: [8] Use of undefined constant GROUP_NAME - assumed 'GROUP_NAME' D:\amp\apache\htdocs\static\think\ThinkPHP\Lib\Core\App.class.php 第 61 行.
INFO: [ app_begin ] --START--
INFO: ReadHtmlCache Behavior ::run [ RunTime:0.001044s ]
INFO: [ app_begin ] --END-- [ RunTime:0.001137s ]
INFO: [ view_parse ] --START--
INFO: ParseTemplate Behavior ::run [ RunTime:0.014792s ]
INFO: [ view_parse ] --END-- [ RunTime:0.014904s ]
INFO: [ view_filter ] --START--
INFO: ContentReplace Behavior ::run [ RunTime:0.000775s ]
INFO: TokenBuild Behavior ::run [ RunTime:0.000716s ]
INFO: WriteHtmlCache Behavior ::run [ RunTime:0.000638s ]
INFO: ShowRuntime Behavior ::run [ RunTime:0.000827s ]
INFO: [ view_filter ] --END-- [ RunTime:0.003196s ]
INFO: [ view_end ] --START--
INFO: ShowPageTrace Behavior ::run [ RunTime:0.000916s ]
INFO: [ view_end ] --END-- [ RunTime:0.000981s ]

[ 2015-10-12T10:48:22+08:00 ] 127.0.0.1 /think/flyingtabs/go/index.php/Index/head
INFO: [ route_check ] --START--
INFO: CheckRoute Behavior ::run [ RunTime:0.001258s ]
INFO: [ route_check ] --END-- [ RunTime:0.001377s ]
NOTIC: [8] Use of undefined constant GROUP_NAME - assumed 'GROUP_NAME' D:\amp\apache\htdocs\static\think\ThinkPHP\Lib\Core\App.class.php 第 61 行.
INFO: [ app_begin ] --START--
INFO: ReadHtmlCache Behavior ::run [ RunTime:0.000981s ]
INFO: [ app_begin ] --END-- [ RunTime:0.001075s ]

[ 2015-10-12T11:52:21+08:00 ] 127.0.0.1 /think/flyingtabs/go/
NOTIC: [8] Use of undefined constant GROUP_NAME - assumed 'GROUP_NAME' D:\amp\apache\htdocs\static\think\ThinkPHP\Lib\Core\App.class.php 第 61 行.
INFO: [ app_begin ] --START--
INFO: ReadHtmlCache Behavior ::run [ RunTime:0.017834s ]
INFO: [ app_begin ] --END-- [ RunTime:0.017931s ]
INFO: [ view_parse ] --START--
INFO: ParseTemplate Behavior ::run [ RunTime:0.214392s ]
INFO: [ view_parse ] --END-- [ RunTime:0.214546s ]
INFO: [ view_filter ] --START--
INFO: ContentReplace Behavior ::run [ RunTime:0.019015s ]
INFO: TokenBuild Behavior ::run [ RunTime:0.019576s ]
INFO: WriteHtmlCache Behavior ::run [ RunTime:0.013668s ]
INFO: ShowRuntime Behavior ::run [ RunTime:0.019340s ]
INFO: [ view_filter ] --END-- [ RunTime:0.072180s ]
INFO: [ view_end ] --START--
INFO: ShowPageTrace Behavior ::run [ RunTime:0.018953s ]
INFO: [ view_end ] --END-- [ RunTime:0.019051s ]

[ 2015-10-12T11:52:22+08:00 ] 127.0.0.1 /think/flyingtabs/go/index.php/Index/head
INFO: [ route_check ] --START--
INFO: CheckRoute Behavior ::run [ RunTime:0.029113s ]
INFO: [ route_check ] --END-- [ RunTime:0.029223s ]
NOTIC: [8] Use of undefined constant GROUP_NAME - assumed 'GROUP_NAME' D:\amp\apache\htdocs\static\think\ThinkPHP\Lib\Core\App.class.php 第 61 行.
INFO: [ app_begin ] --START--
INFO: ReadHtmlCache Behavior ::run [ RunTime:0.000596s ]
INFO: [ app_begin ] --END-- [ RunTime:0.000661s ]
INFO: [ view_parse ] --START--
INFO: ParseTemplate Behavior ::run [ RunTime:0.010941s ]
INFO: [ view_parse ] --END-- [ RunTime:0.011053s ]
INFO: [ view_filter ] --START--
INFO: ContentReplace Behavior ::run [ RunTime:0.000640s ]
INFO: TokenBuild Behavior ::run [ RunTime:0.000540s ]
INFO: WriteHtmlCache Behavior ::run [ RunTime:0.000404s ]
INFO: ShowRuntime Behavior ::run [ RunTime:0.000465s ]
INFO: [ view_filter ] --END-- [ RunTime:0.002243s ]
INFO: [ view_end ] --START--
INFO: ShowPageTrace Behavior ::run [ RunTime:0.000593s ]
INFO: [ view_end ] --END-- [ RunTime:0.000642s ]

[ 2015-10-12T11:54:56+08:00 ] 127.0.0.1 /think/flyingtabs/go/
NOTIC: [8] Use of undefined constant GROUP_NAME - assumed 'GROUP_NAME' D:\amp\apache\htdocs\static\think\ThinkPHP\Lib\Core\App.class.php 第 61 行.
INFO: [ app_begin ] --START--
INFO: ReadHtmlCache Behavior ::run [ RunTime:0.001005s ]
INFO: [ app_begin ] --END-- [ RunTime:0.001094s ]
INFO: [ view_parse ] --START--
INFO: ParseTemplate Behavior ::run [ RunTime:0.010250s ]
INFO: [ view_parse ] --END-- [ RunTime:0.010365s ]
INFO: [ view_filter ] --START--
INFO: ContentReplace Behavior ::run [ RunTime:0.000575s ]
INFO: TokenBuild Behavior ::run [ RunTime:0.000492s ]
INFO: WriteHtmlCache Behavior ::run [ RunTime:0.000423s ]
INFO: ShowRuntime Behavior ::run [ RunTime:0.000525s ]
INFO: [ view_filter ] --END-- [ RunTime:0.002166s ]
INFO: [ view_end ] --START--
INFO: ShowPageTrace Behavior ::run [ RunTime:0.000661s ]
INFO: [ view_end ] --END-- [ RunTime:0.000709s ]

[ 2015-10-12T11:54:57+08:00 ] 127.0.0.1 /think/flyingtabs/go/index.php/Index/head
INFO: [ route_check ] --START--
INFO: CheckRoute Behavior ::run [ RunTime:0.001127s ]
INFO: [ route_check ] --END-- [ RunTime:0.001236s ]
NOTIC: [8] Use of undefined constant GROUP_NAME - assumed 'GROUP_NAME' D:\amp\apache\htdocs\static\think\ThinkPHP\Lib\Core\App.class.php 第 61 行.
INFO: [ app_begin ] --START--
INFO: ReadHtmlCache Behavior ::run [ RunTime:0.000718s ]
INFO: [ app_begin ] --END-- [ RunTime:0.000800s ]
INFO: [ view_parse ] --START--
INFO: ParseTemplate Behavior ::run [ RunTime:0.011564s ]
INFO: [ view_parse ] --END-- [ RunTime:0.011664s ]
INFO: [ view_filter ] --START--
INFO: ContentReplace Behavior ::run [ RunTime:0.000381s ]
INFO: TokenBuild Behavior ::run [ RunTime:0.000542s ]
INFO: WriteHtmlCache Behavior ::run [ RunTime:0.000298s ]
INFO: ShowRuntime Behavior ::run [ RunTime:0.000445s ]
INFO: [ view_filter ] --END-- [ RunTime:0.001799s ]
INFO: [ view_end ] --START--
INFO: ShowPageTrace Behavior ::run [ RunTime:0.000704s ]
INFO: [ view_end ] --END-- [ RunTime:0.000772s ]

[ 2015-10-12T11:54:57+08:00 ] 127.0.0.1 /think/flyingtabs/go/index.php/Index/body
INFO: [ route_check ] --START--
INFO: CheckRoute Behavior ::run [ RunTime:0.001316s ]
INFO: [ route_check ] --END-- [ RunTime:0.001436s ]
NOTIC: [8] Use of undefined constant GROUP_NAME - assumed 'GROUP_NAME' D:\amp\apache\htdocs\static\think\ThinkPHP\Lib\Core\App.class.php 第 61 行.
INFO: [ app_begin ] --START--
INFO: ReadHtmlCache Behavior ::run [ RunTime:0.000773s ]
INFO: [ app_begin ] --END-- [ RunTime:0.000852s ]
INFO: [ view_parse ] --START--
INFO: ParseTemplate Behavior ::run [ RunTime:0.013560s ]
INFO: [ view_parse ] --END-- [ RunTime:0.013710s ]
INFO: [ view_filter ] --START--
INFO: ContentReplace Behavior ::run [ RunTime:0.000661s ]
INFO: TokenBuild Behavior ::run [ RunTime:0.000691s ]
INFO: WriteHtmlCache Behavior ::run [ RunTime:0.000483s ]
INFO: ShowRuntime Behavior ::run [ RunTime:0.000500s ]
INFO: [ view_filter ] --END-- [ RunTime:0.002529s ]
INFO: [ view_end ] --START--
INFO: ShowPageTrace Behavior ::run [ RunTime:0.000905s ]
INFO: [ view_end ] --END-- [ RunTime:0.000987s ]

[ 2015-10-12T11:55:17+08:00 ] 127.0.0.1 /think/flyingtabs/go/
NOTIC: [8] Use of undefined constant GROUP_NAME - assumed 'GROUP_NAME' D:\amp\apache\htdocs\static\think\ThinkPHP\Lib\Core\App.class.php 第 61 行.
INFO: [ app_begin ] --START--
INFO: ReadHtmlCache Behavior ::run [ RunTime:0.000789s ]
INFO: [ app_begin ] --END-- [ RunTime:0.000872s ]
INFO: [ view_parse ] --START--
INFO: ParseTemplate Behavior ::run [ RunTime:0.008761s ]
INFO: [ view_parse ] --END-- [ RunTime:0.008864s ]
INFO: [ view_filter ] --START--
INFO: ContentReplace Behavior ::run [ RunTime:0.000632s ]
INFO: TokenBuild Behavior ::run [ RunTime:0.000796s ]
INFO: WriteHtmlCache Behavior ::run [ RunTime:0.000721s ]
INFO: ShowRuntime Behavior ::run [ RunTime:0.000682s ]
INFO: [ view_filter ] --END-- [ RunTime:0.003080s ]
INFO: [ view_end ] --START--
INFO: ShowPageTrace Behavior ::run [ RunTime:0.000718s ]
INFO: [ view_end ] --END-- [ RunTime:0.000771s ]

[ 2015-10-12T11:55:17+08:00 ] 127.0.0.1 /think/flyingtabs/go/index.php/Index/head
INFO: [ route_check ] --START--
INFO: CheckRoute Behavior ::run [ RunTime:0.001080s ]
INFO: [ route_check ] --END-- [ RunTime:0.001186s ]
NOTIC: [8] Use of undefined constant GROUP_NAME - assumed 'GROUP_NAME' D:\amp\apache\htdocs\static\think\ThinkPHP\Lib\Core\App.class.php 第 61 行.
INFO: [ app_begin ] --START--
INFO: ReadHtmlCache Behavior ::run [ RunTime:0.000669s ]
INFO: [ app_begin ] --END-- [ RunTime:0.000783s ]
INFO: [ view_parse ] --START--
INFO: ParseTemplate Behavior ::run [ RunTime:0.012547s ]
INFO: [ view_parse ] --END-- [ RunTime:0.012647s ]
INFO: [ view_filter ] --START--
INFO: ContentReplace Behavior ::run [ RunTime:0.000405s ]
INFO: TokenBuild Behavior ::run [ RunTime:0.000368s ]
INFO: WriteHtmlCache Behavior ::run [ RunTime:0.000311s ]
INFO: ShowRuntime Behavior ::run [ RunTime:0.000665s ]
INFO: [ view_filter ] --END-- [ RunTime:0.001951s ]
INFO: [ view_end ] --START--
INFO: ShowPageTrace Behavior ::run [ RunTime:0.000622s ]
INFO: [ view_end ] --END-- [ RunTime:0.000684s ]

[ 2015-10-12T11:55:17+08:00 ] 127.0.0.1 /think/flyingtabs/go/index.php/Index/body
INFO: [ route_check ] --START--
INFO: CheckRoute Behavior ::run [ RunTime:0.001400s ]
INFO: [ route_check ] --END-- [ RunTime:0.001519s ]
NOTIC: [8] Use of undefined constant GROUP_NAME - assumed 'GROUP_NAME' D:\amp\apache\htdocs\static\think\ThinkPHP\Lib\Core\App.class.php 第 61 行.
INFO: [ app_begin ] --START--
INFO: ReadHtmlCache Behavior ::run [ RunTime:0.000635s ]
INFO: [ app_begin ] --END-- [ RunTime:0.000695s ]
INFO: [ view_parse ] --START--
INFO: ParseTemplate Behavior ::run [ RunTime:0.008681s ]
INFO: [ view_parse ] --END-- [ RunTime:0.008804s ]
INFO: [ view_filter ] --START--
INFO: ContentReplace Behavior ::run [ RunTime:0.000658s ]
INFO: TokenBuild Behavior ::run [ RunTime:0.000624s ]
INFO: WriteHtmlCache Behavior ::run [ RunTime:0.000459s ]
INFO: ShowRuntime Behavior ::run [ RunTime:0.000607s ]
INFO: [ view_filter ] --END-- [ RunTime:0.002536s ]
INFO: [ view_end ] --START--
INFO: ShowPageTrace Behavior ::run [ RunTime:0.000977s ]
INFO: [ view_end ] --END-- [ RunTime:0.001041s ]

[ 2015-10-12T11:55:19+08:00 ] 127.0.0.1 /think/flyingtabs/go/index.php/Tab/lastTab
INFO: [ route_check ] --START--
INFO: CheckRoute Behavior ::run [ RunTime:0.000734s ]
INFO: [ route_check ] --END-- [ RunTime:0.000804s ]
NOTIC: [8] Use of undefined constant GROUP_NAME - assumed 'GROUP_NAME' D:\amp\apache\htdocs\static\think\ThinkPHP\Lib\Core\App.class.php 第 61 行.
INFO: [ app_begin ] --START--
INFO: ReadHtmlCache Behavior ::run [ RunTime:0.000530s ]
INFO: [ app_begin ] --END-- [ RunTime:0.000579s ]
ERR: 非法操作:lastTab

[ 2015-10-12T12:06:11+08:00 ] 127.0.0.1 /think/flyingtabs/go/
NOTIC: [8] Use of undefined constant GROUP_NAME - assumed 'GROUP_NAME' D:\amp\apache\htdocs\static\think\ThinkPHP\Lib\Core\App.class.php 第 61 行.
INFO: [ app_begin ] --START--
INFO: ReadHtmlCache Behavior ::run [ RunTime:0.001635s ]
INFO: [ app_begin ] --END-- [ RunTime:0.001825s ]
INFO: [ view_parse ] --START--
INFO: ParseTemplate Behavior ::run [ RunTime:0.015994s ]
INFO: [ view_parse ] --END-- [ RunTime:0.016238s ]
INFO: [ view_filter ] --START--
INFO: ContentReplace Behavior ::run [ RunTime:0.001504s ]
INFO: TokenBuild Behavior ::run [ RunTime:0.001594s ]
INFO: WriteHtmlCache Behavior ::run [ RunTime:0.001009s ]
INFO: ShowRuntime Behavior ::run [ RunTime:0.001309s ]
INFO: [ view_filter ] --END-- [ RunTime:0.005849s ]
INFO: [ view_end ] --START--
INFO: ShowPageTrace Behavior ::run [ RunTime:0.002345s ]
INFO: [ view_end ] --END-- [ RunTime:0.002508s ]

[ 2015-10-12T12:06:12+08:00 ] 127.0.0.1 /think/flyingtabs/go/index.php/Index/head
INFO: [ route_check ] --START--
INFO: CheckRoute Behavior ::run [ RunTime:0.001084s ]
INFO: [ route_check ] --END-- [ RunTime:0.001189s ]
NOTIC: [8] Use of undefined constant GROUP_NAME - assumed 'GROUP_NAME' D:\amp\apache\htdocs\static\think\ThinkPHP\Lib\Core\App.class.php 第 61 行.
INFO: [ app_begin ] --START--
INFO: ReadHtmlCache Behavior ::run [ RunTime:0.000680s ]
INFO: [ app_begin ] --END-- [ RunTime:0.000739s ]
INFO: [ view_parse ] --START--
INFO: ParseTemplate Behavior ::run [ RunTime:0.011087s ]
INFO: [ view_parse ] --END-- [ RunTime:0.011180s ]
INFO: [ view_filter ] --START--
INFO: ContentReplace Behavior ::run [ RunTime:0.000529s ]
INFO: TokenBuild Behavior ::run [ RunTime:0.000546s ]
INFO: WriteHtmlCache Behavior ::run [ RunTime:0.000400s ]
INFO: ShowRuntime Behavior ::run [ RunTime:0.000423s ]
INFO: [ view_filter ] --END-- [ RunTime:0.002068s ]
INFO: [ view_end ] --START--
INFO: ShowPageTrace Behavior ::run [ RunTime:0.000496s ]
INFO: [ view_end ] --END-- [ RunTime:0.000540s ]

[ 2015-10-12T12:06:12+08:00 ] 127.0.0.1 /think/flyingtabs/go/index.php/Index/body
INFO: [ route_check ] --START--
INFO: CheckRoute Behavior ::run [ RunTime:0.000924s ]
INFO: [ route_check ] --END-- [ RunTime:0.000994s ]
NOTIC: [8] Use of undefined constant GROUP_NAME - assumed 'GROUP_NAME' D:\amp\apache\htdocs\static\think\ThinkPHP\Lib\Core\App.class.php 第 61 行.
INFO: [ app_begin ] --START--
INFO: ReadHtmlCache Behavior ::run [ RunTime:0.000558s ]
INFO: [ app_begin ] --END-- [ RunTime:0.000606s ]
INFO: [ view_parse ] --START--
INFO: ParseTemplate Behavior ::run [ RunTime:0.009293s ]
INFO: [ view_parse ] --END-- [ RunTime:0.009415s ]
INFO: [ view_filter ] --START--
INFO: ContentReplace Behavior ::run [ RunTime:0.000674s ]
INFO: TokenBuild Behavior ::run [ RunTime:0.000622s ]
INFO: WriteHtmlCache Behavior ::run [ RunTime:0.000439s ]
INFO: ShowRuntime Behavior ::run [ RunTime:0.000617s ]
INFO: [ view_filter ] --END-- [ RunTime:0.002546s ]
INFO: [ view_end ] --START--
INFO: ShowPageTrace Behavior ::run [ RunTime:0.001027s ]
INFO: [ view_end ] --END-- [ RunTime:0.001123s ]

[ 2015-10-12T12:06:15+08:00 ] 127.0.0.1 /think/flyingtabs/go/index.php/Tab/lastTabs
INFO: [ route_check ] --START--
INFO: CheckRoute Behavior ::run [ RunTime:0.000735s ]
INFO: [ route_check ] --END-- [ RunTime:0.000807s ]
NOTIC: [8] Use of undefined constant GROUP_NAME - assumed 'GROUP_NAME' D:\amp\apache\htdocs\static\think\ThinkPHP\Lib\Core\App.class.php 第 61 行.
INFO: [ app_begin ] --START--
INFO: ReadHtmlCache Behavior ::run [ RunTime:0.000535s ]
INFO: [ app_begin ] --END-- [ RunTime:0.000607s ]

[ 2015-10-12T12:54:20+08:00 ] 127.0.0.1 /think/flyingtabs/go/
NOTIC: [8] Use of undefined constant GROUP_NAME - assumed 'GROUP_NAME' D:\amp\apache\htdocs\static\think\ThinkPHP\Lib\Core\App.class.php 第 61 行.
INFO: [ app_begin ] --START--
INFO: ReadHtmlCache Behavior ::run [ RunTime:0.028076s ]
INFO: [ app_begin ] --END-- [ RunTime:0.028236s ]
INFO: [ view_parse ] --START--
INFO: ParseTemplate Behavior ::run [ RunTime:0.165717s ]
INFO: [ view_parse ] --END-- [ RunTime:0.165831s ]
INFO: [ view_filter ] --START--
INFO: ContentReplace Behavior ::run [ RunTime:0.016255s ]
INFO: TokenBuild Behavior ::run [ RunTime:0.019054s ]
INFO: WriteHtmlCache Behavior ::run [ RunTime:0.013743s ]
INFO: ShowRuntime Behavior ::run [ RunTime:0.018800s ]
INFO: [ view_filter ] --END-- [ RunTime:0.068135s ]
INFO: [ view_end ] --START--
INFO: ShowPageTrace Behavior ::run [ RunTime:0.019680s ]
INFO: [ view_end ] --END-- [ RunTime:0.019787s ]

[ 2015-10-12T12:54:21+08:00 ] 127.0.0.1 /think/flyingtabs/go/index.php/Index/head
INFO: [ route_check ] --START--
INFO: CheckRoute Behavior ::run [ RunTime:0.025637s ]
INFO: [ route_check ] --END-- [ RunTime:0.025744s ]
NOTIC: [8] Use of undefined constant GROUP_NAME - assumed 'GROUP_NAME' D:\amp\apache\htdocs\static\think\ThinkPHP\Lib\Core\App.class.php 第 61 行.
INFO: [ app_begin ] --START--
INFO: ReadHtmlCache Behavior ::run [ RunTime:0.000645s ]
INFO: [ app_begin ] --END-- [ RunTime:0.000721s ]
INFO: [ view_parse ] --START--
INFO: ParseTemplate Behavior ::run [ RunTime:0.016144s ]
INFO: [ view_parse ] --END-- [ RunTime:0.016255s ]
INFO: [ view_filter ] --START--
INFO: ContentReplace Behavior ::run [ RunTime:0.000481s ]
INFO: TokenBuild Behavior ::run [ RunTime:0.000441s ]
INFO: WriteHtmlCache Behavior ::run [ RunTime:0.000305s ]
INFO: ShowRuntime Behavior ::run [ RunTime:0.000489s ]
INFO: [ view_filter ] --END-- [ RunTime:0.001911s ]
INFO: [ view_end ] --START--
INFO: ShowPageTrace Behavior ::run [ RunTime:0.000643s ]
INFO: [ view_end ] --END-- [ RunTime:0.000716s ]

[ 2015-10-12T12:54:21+08:00 ] 127.0.0.1 /think/flyingtabs/go/index.php/Tab/lastTabs
INFO: [ route_check ] --START--
INFO: CheckRoute Behavior ::run [ RunTime:0.000945s ]
INFO: [ route_check ] --END-- [ RunTime:0.001054s ]
NOTIC: [8] Use of undefined constant GROUP_NAME - assumed 'GROUP_NAME' D:\amp\apache\htdocs\static\think\ThinkPHP\Lib\Core\App.class.php 第 61 行.
INFO: [ app_begin ] --START--
INFO: ReadHtmlCache Behavior ::run [ RunTime:0.000786s ]
INFO: [ app_begin ] --END-- [ RunTime:0.000878s ]

[ 2015-10-12T14:48:38+08:00 ] 127.0.0.1 /think/flyingtabs/go/
NOTIC: [8] Use of undefined constant GROUP_NAME - assumed 'GROUP_NAME' D:\amp\apache\htdocs\static\think\ThinkPHP\Lib\Core\App.class.php 第 61 行.
INFO: [ app_begin ] --START--
INFO: ReadHtmlCache Behavior ::run [ RunTime:0.029056s ]
INFO: [ app_begin ] --END-- [ RunTime:0.029189s ]
INFO: [ view_parse ] --START--
INFO: ParseTemplate Behavior ::run [ RunTime:0.176863s ]
INFO: [ view_parse ] --END-- [ RunTime:0.177004s ]
INFO: [ view_filter ] --START--
INFO: ContentReplace Behavior ::run [ RunTime:0.014990s ]
INFO: TokenBuild Behavior ::run [ RunTime:0.012678s ]
INFO: WriteHtmlCache Behavior ::run [ RunTime:0.014222s ]
INFO: ShowRuntime Behavior ::run [ RunTime:0.013163s ]
INFO: [ view_filter ] --END-- [ RunTime:0.055354s ]
INFO: [ view_end ] --START--
INFO: ShowPageTrace Behavior ::run [ RunTime:0.021607s ]
INFO: [ view_end ] --END-- [ RunTime:0.021694s ]

[ 2015-10-12T14:48:41+08:00 ] 127.0.0.1 /think/flyingtabs/go/index.php/Index/head
INFO: [ route_check ] --START--
INFO: CheckRoute Behavior ::run [ RunTime:0.075573s ]
INFO: [ route_check ] --END-- [ RunTime:0.075687s ]
NOTIC: [8] Use of undefined constant GROUP_NAME - assumed 'GROUP_NAME' D:\amp\apache\htdocs\static\think\ThinkPHP\Lib\Core\App.class.php 第 61 行.
INFO: [ app_begin ] --START--
INFO: ReadHtmlCache Behavior ::run [ RunTime:0.000662s ]
INFO: [ app_begin ] --END-- [ RunTime:0.000747s ]
INFO: [ view_parse ] --START--
INFO: ParseTemplate Behavior ::run [ RunTime:0.017569s ]
INFO: [ view_parse ] --END-- [ RunTime:0.017779s ]
INFO: [ view_filter ] --START--
INFO: ContentReplace Behavior ::run [ RunTime:0.000653s ]
INFO: TokenBuild Behavior ::run [ RunTime:0.000684s ]
INFO: WriteHtmlCache Behavior ::run [ RunTime:0.000439s ]
INFO: ShowRuntime Behavior ::run [ RunTime:0.000677s ]
INFO: [ view_filter ] --END-- [ RunTime:0.002724s ]
INFO: [ view_end ] --START--
INFO: ShowPageTrace Behavior ::run [ RunTime:0.001338s ]
INFO: [ view_end ] --END-- [ RunTime:0.001435s ]

[ 2015-10-12T14:48:41+08:00 ] 127.0.0.1 /think/flyingtabs/go/index.php/Tab/lastTabs
INFO: [ route_check ] --START--
INFO: CheckRoute Behavior ::run [ RunTime:0.072318s ]
INFO: [ route_check ] --END-- [ RunTime:0.072433s ]
NOTIC: [8] Use of undefined constant GROUP_NAME - assumed 'GROUP_NAME' D:\amp\apache\htdocs\static\think\ThinkPHP\Lib\Core\App.class.php 第 61 行.
INFO: [ app_begin ] --START--
INFO: ReadHtmlCache Behavior ::run [ RunTime:0.000798s ]
INFO: [ app_begin ] --END-- [ RunTime:0.000888s ]

[ 2015-10-12T15:04:06+08:00 ] 127.0.0.1 /think/flyingtabs/go/
NOTIC: [8] Use of undefined constant GROUP_NAME - assumed 'GROUP_NAME' D:\amp\apache\htdocs\static\think\ThinkPHP\Lib\Core\App.class.php 第 61 行.
INFO: [ app_begin ] --START--
INFO: ReadHtmlCache Behavior ::run [ RunTime:0.001209s ]
INFO: [ app_begin ] --END-- [ RunTime:0.001276s ]
INFO: [ view_parse ] --START--
INFO: ParseTemplate Behavior ::run [ RunTime:0.041114s ]
INFO: [ view_parse ] --END-- [ RunTime:0.041230s ]
INFO: [ view_filter ] --START--
INFO: ContentReplace Behavior ::run [ RunTime:0.001057s ]
INFO: TokenBuild Behavior ::run [ RunTime:0.000924s ]
INFO: WriteHtmlCache Behavior ::run [ RunTime:0.004725s ]
INFO: ShowRuntime Behavior ::run [ RunTime:0.005232s ]
INFO: [ view_filter ] --END-- [ RunTime:0.012145s ]
INFO: [ view_end ] --START--
INFO: ShowPageTrace Behavior ::run [ RunTime:0.001358s ]
INFO: [ view_end ] --END-- [ RunTime:0.001453s ]

[ 2015-10-12T15:04:06+08:00 ] 127.0.0.1 /think/flyingtabs/go/index.php/Index/head
INFO: [ route_check ] --START--
INFO: CheckRoute Behavior ::run [ RunTime:0.009221s ]
INFO: [ route_check ] --END-- [ RunTime:0.009308s ]
NOTIC: [8] Use of undefined constant GROUP_NAME - assumed 'GROUP_NAME' D:\amp\apache\htdocs\static\think\ThinkPHP\Lib\Core\App.class.php 第 61 行.
INFO: [ app_begin ] --START--
INFO: ReadHtmlCache Behavior ::run [ RunTime:0.000507s ]
INFO: [ app_begin ] --END-- [ RunTime:0.000567s ]
INFO: [ view_parse ] --START--
INFO: ParseTemplate Behavior ::run [ RunTime:0.017780s ]
INFO: [ view_parse ] --END-- [ RunTime:0.017901s ]
INFO: [ view_filter ] --START--
INFO: ContentReplace Behavior ::run [ RunTime:0.000594s ]
INFO: TokenBuild Behavior ::run [ RunTime:0.000611s ]
INFO: WriteHtmlCache Behavior ::run [ RunTime:0.000558s ]
INFO: ShowRuntime Behavior ::run [ RunTime:0.000737s ]
INFO: [ view_filter ] --END-- [ RunTime:0.002799s ]
INFO: [ view_end ] --START--
INFO: ShowPageTrace Behavior ::run [ RunTime:0.000810s ]
INFO: [ view_end ] --END-- [ RunTime:0.000887s ]

[ 2015-10-12T15:04:06+08:00 ] 127.0.0.1 /think/flyingtabs/go/index.php/Index/body
INFO: [ route_check ] --START--
INFO: CheckRoute Behavior ::run [ RunTime:0.001310s ]
INFO: [ route_check ] --END-- [ RunTime:0.001434s ]
NOTIC: [8] Use of undefined constant GROUP_NAME - assumed 'GROUP_NAME' D:\amp\apache\htdocs\static\think\ThinkPHP\Lib\Core\App.class.php 第 61 行.
INFO: [ app_begin ] --START--
INFO: ReadHtmlCache Behavior ::run [ RunTime:0.000837s ]
INFO: [ app_begin ] --END-- [ RunTime:0.000935s ]
INFO: [ view_parse ] --START--
INFO: ParseTemplate Behavior ::run [ RunTime:0.018898s ]
INFO: [ view_parse ] --END-- [ RunTime:0.019026s ]
INFO: [ view_filter ] --START--
INFO: ContentReplace Behavior ::run [ RunTime:0.000597s ]
INFO: TokenBuild Behavior ::run [ RunTime:0.000660s ]
INFO: WriteHtmlCache Behavior ::run [ RunTime:0.000518s ]
INFO: ShowRuntime Behavior ::run [ RunTime:0.000838s ]
INFO: [ view_filter ] --END-- [ RunTime:0.003058s ]
INFO: [ view_end ] --START--
INFO: ShowPageTrace Behavior ::run [ RunTime:0.000932s ]
INFO: [ view_end ] --END-- [ RunTime:0.001036s ]

[ 2015-10-12T15:04:09+08:00 ] 127.0.0.1 /think/flyingtabs/go/index.php/Tab/lastTabs
INFO: [ route_check ] --START--
INFO: CheckRoute Behavior ::run [ RunTime:0.001053s ]
INFO: [ route_check ] --END-- [ RunTime:0.001139s ]
NOTIC: [8] Use of undefined constant GROUP_NAME - assumed 'GROUP_NAME' D:\amp\apache\htdocs\static\think\ThinkPHP\Lib\Core\App.class.php 第 61 行.
INFO: [ app_begin ] --START--
INFO: ReadHtmlCache Behavior ::run [ RunTime:0.000557s ]
INFO: [ app_begin ] --END-- [ RunTime:0.000606s ]
ERR: Unknown database 'flyingtab'

[ 2015-10-12T15:04:51+08:00 ] 127.0.0.1 /think/flyingtabs/go/
NOTIC: [8] Use of undefined constant GROUP_NAME - assumed 'GROUP_NAME' D:\amp\apache\htdocs\static\think\ThinkPHP\Lib\Core\App.class.php 第 61 行.
INFO: [ app_begin ] --START--
INFO: ReadHtmlCache Behavior ::run [ RunTime:0.000794s ]
INFO: [ app_begin ] --END-- [ RunTime:0.000874s ]
INFO: [ view_parse ] --START--
INFO: ParseTemplate Behavior ::run [ RunTime:0.006497s ]
INFO: [ view_parse ] --END-- [ RunTime:0.006589s ]
INFO: [ view_filter ] --START--
INFO: ContentReplace Behavior ::run [ RunTime:0.000691s ]
INFO: TokenBuild Behavior ::run [ RunTime:0.000616s ]
INFO: WriteHtmlCache Behavior ::run [ RunTime:0.000400s ]
INFO: ShowRuntime Behavior ::run [ RunTime:0.000504s ]
INFO: [ view_filter ] --END-- [ RunTime:0.002362s ]
INFO: [ view_end ] --START--
INFO: ShowPageTrace Behavior ::run [ RunTime:0.000575s ]
INFO: [ view_end ] --END-- [ RunTime:0.000617s ]

[ 2015-10-12T15:04:51+08:00 ] 127.0.0.1 /think/flyingtabs/go/index.php/Index/head
INFO: [ route_check ] --START--
INFO: CheckRoute Behavior ::run [ RunTime:0.000897s ]
INFO: [ route_check ] --END-- [ RunTime:0.000999s ]
NOTIC: [8] Use of undefined constant GROUP_NAME - assumed 'GROUP_NAME' D:\amp\apache\htdocs\static\think\ThinkPHP\Lib\Core\App.class.php 第 61 行.
INFO: [ app_begin ] --START--
INFO: ReadHtmlCache Behavior ::run [ RunTime:0.000684s ]
INFO: [ app_begin ] --END-- [ RunTime:0.000753s ]
INFO: [ view_parse ] --START--
INFO: ParseTemplate Behavior ::run [ RunTime:0.012917s ]
INFO: [ view_parse ] --END-- [ RunTime:0.013039s ]
INFO: [ view_filter ] --START--
INFO: ContentReplace Behavior ::run [ RunTime:0.000505s ]
INFO: TokenBuild Behavior ::run [ RunTime:0.000494s ]
INFO: WriteHtmlCache Behavior ::run [ RunTime:0.000393s ]
INFO: ShowRuntime Behavior ::run [ RunTime:0.000769s ]
INFO: [ view_filter ] --END-- [ RunTime:0.002373s ]
INFO: [ view_end ] --START--
INFO: ShowPageTrace Behavior ::run [ RunTime:0.000948s ]
INFO: [ view_end ] --END-- [ RunTime:0.001036s ]

[ 2015-10-12T15:04:51+08:00 ] 127.0.0.1 /think/flyingtabs/go/index.php/Index/body
INFO: [ route_check ] --START--
INFO: CheckRoute Behavior ::run [ RunTime:0.000873s ]
INFO: [ route_check ] --END-- [ RunTime:0.000978s ]
NOTIC: [8] Use of undefined constant GROUP_NAME - assumed 'GROUP_NAME' D:\amp\apache\htdocs\static\think\ThinkPHP\Lib\Core\App.class.php 第 61 行.
INFO: [ app_begin ] --START--
INFO: ReadHtmlCache Behavior ::run [ RunTime:0.000669s ]
INFO: [ app_begin ] --END-- [ RunTime:0.000743s ]
INFO: [ view_parse ] --START--
INFO: ParseTemplate Behavior ::run [ RunTime:0.014453s ]
INFO: [ view_parse ] --END-- [ RunTime:0.014574s ]
INFO: [ view_filter ] --START--
INFO: ContentReplace Behavior ::run [ RunTime:0.000599s ]
INFO: TokenBuild Behavior ::run [ RunTime:0.000745s ]
INFO: WriteHtmlCache Behavior ::run [ RunTime:0.000497s ]
INFO: ShowRuntime Behavior ::run [ RunTime:0.000624s ]
INFO: [ view_filter ] --END-- [ RunTime:0.002702s ]
INFO: [ view_end ] --START--
INFO: ShowPageTrace Behavior ::run [ RunTime:0.000795s ]
INFO: [ view_end ] --END-- [ RunTime:0.000869s ]

[ 2015-10-12T15:04:53+08:00 ] 127.0.0.1 /think/flyingtabs/go/index.php/Tab/lastTabs
INFO: [ route_check ] --START--
INFO: CheckRoute Behavior ::run [ RunTime:0.000802s ]
INFO: [ route_check ] --END-- [ RunTime:0.000877s ]
NOTIC: [8] Use of undefined constant GROUP_NAME - assumed 'GROUP_NAME' D:\amp\apache\htdocs\static\think\ThinkPHP\Lib\Core\App.class.php 第 61 行.
INFO: [ app_begin ] --START--
INFO: ReadHtmlCache Behavior ::run [ RunTime:0.000804s ]
INFO: [ app_begin ] --END-- [ RunTime:0.000891s ]
SQL: SHOW COLUMNS FROM `ft_tab` [ RunTime:0.030185s ]

[ 2015-10-12T15:38:26+08:00 ] 127.0.0.1 /think/flyingtabs/go/
NOTIC: [8] Use of undefined constant GROUP_NAME - assumed 'GROUP_NAME' D:\amp\apache\htdocs\static\think\ThinkPHP\Lib\Core\App.class.php 第 61 行.
INFO: [ app_begin ] --START--
INFO: ReadHtmlCache Behavior ::run [ RunTime:0.000684s ]
INFO: [ app_begin ] --END-- [ RunTime:0.000768s ]
INFO: [ view_parse ] --START--
NOTIC: [8] Undefined index: Think D:\amp\apache\htdocs\static\think\flyingtabs\Runtime\Cache\a8d74f20dd30b1470f36d8ab7d69cfd6025dacdc.file.index.html.php 第 34 行.
NOTIC: [8] Trying to get property of non-object D:\amp\apache\htdocs\static\think\flyingtabs\Runtime\Cache\a8d74f20dd30b1470f36d8ab7d69cfd6025dacdc.file.index.html.php 第 34 行.
NOTIC: [8] Undefined index: Think D:\amp\apache\htdocs\static\think\flyingtabs\Runtime\Cache\a8d74f20dd30b1470f36d8ab7d69cfd6025dacdc.file.index.html.php 第 36 行.
NOTIC: [8] Trying to get property of non-object D:\amp\apache\htdocs\static\think\flyingtabs\Runtime\Cache\a8d74f20dd30b1470f36d8ab7d69cfd6025dacdc.file.index.html.php 第 36 行.
INFO: ParseTemplate Behavior ::run [ RunTime:0.016393s ]
INFO: [ view_parse ] --END-- [ RunTime:0.016458s ]
INFO: [ view_filter ] --START--
INFO: ContentReplace Behavior ::run [ RunTime:0.000549s ]
INFO: TokenBuild Behavior ::run [ RunTime:0.000567s ]
INFO: WriteHtmlCache Behavior ::run [ RunTime:0.000422s ]
INFO: ShowRuntime Behavior ::run [ RunTime:0.000520s ]
INFO: [ view_filter ] --END-- [ RunTime:0.002231s ]
INFO: [ view_end ] --START--
INFO: ShowPageTrace Behavior ::run [ RunTime:0.000540s ]
INFO: [ view_end ] --END-- [ RunTime:0.000586s ]

[ 2015-10-12T15:40:22+08:00 ] 127.0.0.1 /think/flyingtabs/go/
NOTIC: [8] Use of undefined constant GROUP_NAME - assumed 'GROUP_NAME' D:\amp\apache\htdocs\static\think\ThinkPHP\Lib\Core\App.class.php 第 61 行.
INFO: [ app_begin ] --START--
INFO: ReadHtmlCache Behavior ::run [ RunTime:0.000855s ]
INFO: [ app_begin ] --END-- [ RunTime:0.000944s ]
INFO: [ view_parse ] --START--
ERR: 系统不支持: TemplateSmarty

[ 2015-10-12T15:45:19+08:00 ] 127.0.0.1 /think/flyingtabs/go/
NOTIC: [8] Use of undefined constant GROUP_NAME - assumed 'GROUP_NAME' D:\amp\apache\htdocs\static\think\ThinkPHP\Lib\Core\App.class.php 第 61 行.
INFO: [ app_begin ] --START--
INFO: ReadHtmlCache Behavior ::run [ RunTime:0.001273s ]
INFO: [ app_begin ] --END-- [ RunTime:0.001372s ]
INFO: [ view_parse ] --START--
NOTIC: [8] Undefined index: Think D:\amp\apache\htdocs\static\think\flyingtabs\Runtime\Cache\a8d74f20dd30b1470f36d8ab7d69cfd6025dacdc.file.index.html.php 第 34 行.
NOTIC: [8] Trying to get property of non-object D:\amp\apache\htdocs\static\think\flyingtabs\Runtime\Cache\a8d74f20dd30b1470f36d8ab7d69cfd6025dacdc.file.index.html.php 第 34 行.
NOTIC: [8] Undefined index: Think D:\amp\apache\htdocs\static\think\flyingtabs\Runtime\Cache\a8d74f20dd30b1470f36d8ab7d69cfd6025dacdc.file.index.html.php 第 36 行.
NOTIC: [8] Trying to get property of non-object D:\amp\apache\htdocs\static\think\flyingtabs\Runtime\Cache\a8d74f20dd30b1470f36d8ab7d69cfd6025dacdc.file.index.html.php 第 36 行.
INFO: ParseTemplate Behavior ::run [ RunTime:0.017458s ]
INFO: [ view_parse ] --END-- [ RunTime:0.017546s ]
INFO: [ view_filter ] --START--
INFO: ContentReplace Behavior ::run [ RunTime:0.000713s ]
INFO: TokenBuild Behavior ::run [ RunTime:0.000630s ]
INFO: WriteHtmlCache Behavior ::run [ RunTime:0.000582s ]
INFO: ShowRuntime Behavior ::run [ RunTime:0.000718s ]
INFO: [ view_filter ] --END-- [ RunTime:0.002813s ]
INFO: [ view_end ] --START--
INFO: ShowPageTrace Behavior ::run [ RunTime:0.000900s ]
INFO: [ view_end ] --END-- [ RunTime:0.000963s ]

[ 2015-10-12T15:46:27+08:00 ] 127.0.0.1 /think/flyingtabs/go/
NOTIC: [8] Use of undefined constant GROUP_NAME - assumed 'GROUP_NAME' D:\amp\apache\htdocs\static\think\ThinkPHP\Lib\Core\App.class.php 第 61 行.
INFO: [ app_begin ] --START--
INFO: ReadHtmlCache Behavior ::run [ RunTime:0.001149s ]
INFO: [ app_begin ] --END-- [ RunTime:0.001247s ]
INFO: [ view_parse ] --START--
INFO: ParseTemplate Behavior ::run [ RunTime:0.117319s ]
INFO: [ view_parse ] --END-- [ RunTime:0.117477s ]
INFO: [ view_filter ] --START--
INFO: ContentReplace Behavior ::run [ RunTime:0.001368s ]
INFO: TokenBuild Behavior ::run [ RunTime:0.000750s ]
INFO: WriteHtmlCache Behavior ::run [ RunTime:0.000737s ]
INFO: ShowRuntime Behavior ::run [ RunTime:0.001013s ]
INFO: [ view_filter ] --END-- [ RunTime:0.004130s ]
INFO: [ view_end ] --START--
INFO: ShowPageTrace Behavior ::run [ RunTime:0.001196s ]
INFO: [ view_end ] --END-- [ RunTime:0.001289s ]

[ 2015-10-12T15:46:27+08:00 ] 127.0.0.1 /think/flyingtabs/go/index.php/Index/head
INFO: [ route_check ] --START--
INFO: CheckRoute Behavior ::run [ RunTime:0.000849s ]
INFO: [ route_check ] --END-- [ RunTime:0.000940s ]
NOTIC: [8] Use of undefined constant GROUP_NAME - assumed 'GROUP_NAME' D:\amp\apache\htdocs\static\think\ThinkPHP\Lib\Core\App.class.php 第 61 行.
INFO: [ app_begin ] --START--
INFO: ReadHtmlCache Behavior ::run [ RunTime:0.000622s ]
INFO: [ app_begin ] --END-- [ RunTime:0.000685s ]
INFO: [ view_parse ] --START--
NOTIC: [2] filemtime() [<a href='function.filemtime'>function.filemtime</a>]: stat failed for ../Runtime/Cache\cbe8f4e984f837227bb740b7e19ccde1e4502329.file.head.html.php D:\amp\apache\htdocs\static\think\ThinkPHP\Extend\Vendor\Smarty\sysplugins\smarty_resource.php 第 683 行.
NOTIC: [2] unlink(../Runtime/Cache\cbe8f4e984f837227bb740b7e19ccde1e4502329.file.head.html.php) [<a href='function.unlink'>function.unlink</a>]: No such file or directory D:\amp\apache\htdocs\static\think\ThinkPHP\Extend\Vendor\Smarty\sysplugins\smarty_internal_write_file.php 第 49 行.
NOTIC: [8] Undefined index: Think D:\amp\apache\htdocs\static\think\flyingtabs\Runtime\Cache\cbe8f4e984f837227bb740b7e19ccde1e4502329.file.head.html.php 第 34 行.
NOTIC: [8] Trying to get property of non-object D:\amp\apache\htdocs\static\think\flyingtabs\Runtime\Cache\cbe8f4e984f837227bb740b7e19ccde1e4502329.file.head.html.php 第 34 行.
INFO: ParseTemplate Behavior ::run [ RunTime:0.057175s ]
INFO: [ view_parse ] --END-- [ RunTime:0.057272s ]
INFO: [ view_filter ] --START--
INFO: ContentReplace Behavior ::run [ RunTime:0.000933s ]
INFO: TokenBuild Behavior ::run [ RunTime:0.000608s ]
INFO: WriteHtmlCache Behavior ::run [ RunTime:0.000429s ]
INFO: ShowRuntime Behavior ::run [ RunTime:0.000466s ]
INFO: [ view_filter ] --END-- [ RunTime:0.002604s ]
INFO: [ view_end ] --START--
INFO: ShowPageTrace Behavior ::run [ RunTime:0.000599s ]
INFO: [ view_end ] --END-- [ RunTime:0.000643s ]

[ 2015-10-12T15:46:27+08:00 ] 127.0.0.1 /think/flyingtabs/go/index.php/Index/body
INFO: [ route_check ] --START--
INFO: CheckRoute Behavior ::run [ RunTime:0.001016s ]
INFO: [ route_check ] --END-- [ RunTime:0.001112s ]
NOTIC: [8] Use of undefined constant GROUP_NAME - assumed 'GROUP_NAME' D:\amp\apache\htdocs\static\think\ThinkPHP\Lib\Core\App.class.php 第 61 行.
INFO: [ app_begin ] --START--
INFO: ReadHtmlCache Behavior ::run [ RunTime:0.000839s ]
INFO: [ app_begin ] --END-- [ RunTime:0.000932s ]
INFO: [ view_parse ] --START--
NOTIC: [2] filemtime() [<a href='function.filemtime'>function.filemtime</a>]: stat failed for ../Runtime/Cache\b74312990fca6f411836443478de2b1a20446a27.file.body.html.php D:\amp\apache\htdocs\static\think\ThinkPHP\Extend\Vendor\Smarty\sysplugins\smarty_resource.php 第 683 行.
NOTIC: [2] unlink(../Runtime/Cache\b74312990fca6f411836443478de2b1a20446a27.file.body.html.php) [<a href='function.unlink'>function.unlink</a>]: No such file or directory D:\amp\apache\htdocs\static\think\ThinkPHP\Extend\Vendor\Smarty\sysplugins\smarty_internal_write_file.php 第 49 行.
INFO: ParseTemplate Behavior ::run [ RunTime:0.054211s ]
INFO: [ view_parse ] --END-- [ RunTime:0.054303s ]
INFO: [ view_filter ] --START--
INFO: ContentReplace Behavior ::run [ RunTime:0.000619s ]
INFO: TokenBuild Behavior ::run [ RunTime:0.000461s ]
INFO: WriteHtmlCache Behavior ::run [ RunTime:0.000409s ]
INFO: ShowRuntime Behavior ::run [ RunTime:0.000482s ]
INFO: [ view_filter ] --END-- [ RunTime:0.002116s ]
INFO: [ view_end ] --START--
INFO: ShowPageTrace Behavior ::run [ RunTime:0.000935s ]
INFO: [ view_end ] --END-- [ RunTime:0.001005s ]

[ 2015-10-12T15:46:56+08:00 ] 127.0.0.1 /think/flyingtabs/go/
NOTIC: [8] Use of undefined constant GROUP_NAME - assumed 'GROUP_NAME' D:\amp\apache\htdocs\static\think\ThinkPHP\Lib\Core\App.class.php 第 61 行.
INFO: [ app_begin ] --START--
INFO: ReadHtmlCache Behavior ::run [ RunTime:0.000555s ]
INFO: [ app_begin ] --END-- [ RunTime:0.000624s ]
INFO: [ view_parse ] --START--
INFO: ParseTemplate Behavior ::run [ RunTime:0.010767s ]
INFO: [ view_parse ] --END-- [ RunTime:0.010842s ]
INFO: [ view_filter ] --START--
INFO: ContentReplace Behavior ::run [ RunTime:0.000517s ]
INFO: TokenBuild Behavior ::run [ RunTime:0.000529s ]
INFO: WriteHtmlCache Behavior ::run [ RunTime:0.000410s ]
INFO: ShowRuntime Behavior ::run [ RunTime:0.000559s ]
INFO: [ view_filter ] --END-- [ RunTime:0.002186s ]
INFO: [ view_end ] --START--
INFO: ShowPageTrace Behavior ::run [ RunTime:0.000882s ]
INFO: [ view_end ] --END-- [ RunTime:0.000944s ]

[ 2015-10-12T15:46:57+08:00 ] 127.0.0.1 /think/flyingtabs/go/index.php/Index/head
INFO: [ route_check ] --START--
INFO: CheckRoute Behavior ::run [ RunTime:0.001272s ]
INFO: [ route_check ] --END-- [ RunTime:0.001399s ]
NOTIC: [8] Use of undefined constant GROUP_NAME - assumed 'GROUP_NAME' D:\amp\apache\htdocs\static\think\ThinkPHP\Lib\Core\App.class.php 第 61 行.
INFO: [ app_begin ] --START--
INFO: ReadHtmlCache Behavior ::run [ RunTime:0.000669s ]
INFO: [ app_begin ] --END-- [ RunTime:0.000746s ]
INFO: [ view_parse ] --START--
INFO: ParseTemplate Behavior ::run [ RunTime:0.056842s ]
INFO: [ view_parse ] --END-- [ RunTime:0.056941s ]
INFO: [ view_filter ] --START--
INFO: ContentReplace Behavior ::run [ RunTime:0.001132s ]
INFO: TokenBuild Behavior ::run [ RunTime:0.000892s ]
INFO: WriteHtmlCache Behavior ::run [ RunTime:0.000475s ]
INFO: ShowRuntime Behavior ::run [ RunTime:0.000545s ]
INFO: [ view_filter ] --END-- [ RunTime:0.003262s ]
INFO: [ view_end ] --START--
INFO: ShowPageTrace Behavior ::run [ RunTime:0.000643s ]
INFO: [ view_end ] --END-- [ RunTime:0.000694s ]

[ 2015-10-12T15:46:57+08:00 ] 127.0.0.1 /think/flyingtabs/go/index.php/Index/body
INFO: [ route_check ] --START--
INFO: CheckRoute Behavior ::run [ RunTime:0.001281s ]
INFO: [ route_check ] --END-- [ RunTime:0.001411s ]
NOTIC: [8] Use of undefined constant GROUP_NAME - assumed 'GROUP_NAME' D:\amp\apache\htdocs\static\think\ThinkPHP\Lib\Core\App.class.php 第 61 行.
INFO: [ app_begin ] --START--
INFO: ReadHtmlCache Behavior ::run [ RunTime:0.000891s ]
INFO: [ app_begin ] --END-- [ RunTime:0.000998s ]
INFO: [ view_parse ] --START--
INFO: ParseTemplate Behavior ::run [ RunTime:0.014549s ]
INFO: [ view_parse ] --END-- [ RunTime:0.014635s ]
INFO: [ view_filter ] --START--
INFO: ContentReplace Behavior ::run [ RunTime:0.000375s ]
INFO: TokenBuild Behavior ::run [ RunTime:0.000348s ]
INFO: WriteHtmlCache Behavior ::run [ RunTime:0.000388s ]
INFO: ShowRuntime Behavior ::run [ RunTime:0.000501s ]
INFO: [ view_filter ] --END-- [ RunTime:0.001778s ]
INFO: [ view_end ] --START--
INFO: ShowPageTrace Behavior ::run [ RunTime:0.000531s ]
INFO: [ view_end ] --END-- [ RunTime:0.000579s ]

[ 2015-10-12T15:46:59+08:00 ] 127.0.0.1 /think/flyingtabs/go/index.php/Tab/lastTabs
INFO: [ route_check ] --START--
INFO: CheckRoute Behavior ::run [ RunTime:0.000957s ]
INFO: [ route_check ] --END-- [ RunTime:0.001093s ]
NOTIC: [8] Use of undefined constant GROUP_NAME - assumed 'GROUP_NAME' D:\amp\apache\htdocs\static\think\ThinkPHP\Lib\Core\App.class.php 第 61 行.
INFO: [ app_begin ] --START--
INFO: ReadHtmlCache Behavior ::run [ RunTime:0.000567s ]
INFO: [ app_begin ] --END-- [ RunTime:0.000614s ]
SQL: SHOW COLUMNS FROM `ft_tab` [ RunTime:0.023132s ]

[ 2015-10-12T17:24:02+08:00 ] 127.0.0.1 /think/flyingtabs/go/index.php/User/regist
ERR: 非法操作:regist

[ 2015-10-12T17:24:06+08:00 ] 127.0.0.1 /think/flyingtabs/go/index.php/User/regist
ERR: 非法操作:regist

[ 2015-10-12T17:24:08+08:00 ] 127.0.0.1 /think/flyingtabs/go/index.php/User/regist
ERR: 非法操作:regist

[ 2015-10-12T17:24:42+08:00 ] 127.0.0.1 /think/flyingtabs/go/index.php/User/regist
ERR: 非法操作:regist

[ 2015-10-12T17:24:49+08:00 ] 127.0.0.1 /think/flyingtabs/go/index.php/User/regist
ERR: 非法操作:regist

[ 2015-10-12T17:24:52+08:00 ] 127.0.0.1 /think/flyingtabs/go/index.php/User/regist
ERR: 非法操作:regist

[ 2015-10-12T17:24:54+08:00 ] 127.0.0.1 /think/flyingtabs/go/index.php/User/regist
ERR: 非法操作:regist

[ 2015-10-12T17:25:46+08:00 ] 127.0.0.1 /think/flyingtabs/go/index.php/User/regist
ERR: 非法操作:regist

[ 2015-10-12T17:44:39+08:00 ] 127.0.0.1 /think/flyingtabs/go/index.php/User/style.css
ERR: 非法操作:style.css

[ 2015-10-12T17:51:28+08:00 ] 127.0.0.1 /think/flyingtabs/go/index.php/User/style.css
ERR: 非法操作:style.css

[ 2015-10-12T17:51:31+08:00 ] 127.0.0.1 /think/flyingtabs/go/index.php/User/style.css
ERR: 非法操作:style.css

[ 2015-10-12T17:51:33+08:00 ] 127.0.0.1 /think/flyingtabs/go/index.php/User/style.css
ERR: 非法操作:style.css

[ 2015-10-12T17:51:35+08:00 ] 127.0.0.1 /think/flyingtabs/go/index.php/User/style.css
ERR: 非法操作:style.css

[ 2015-10-12T19:02:06+08:00 ] 127.0.0.1 /think/flyingtabs/go/index.php/User/style.css
ERR: 非法操作:style.css

[ 2015-10-12T20:05:32+08:00 ] 127.0.0.1 /think/flyingtabs/go/index.php//Tab/hostory
ERR: 非法操作:hostory

[ 2015-10-12T20:07:07+08:00 ] 127.0.0.1 /think/flyingtabs/go/index.php//Tab/hostory
ERR: 非法操作:hostory

[ 2015-10-12T20:08:36+08:00 ] 127.0.0.1 /think/flyingtabs/go/index.php//Tab/history
ERR: 模板不存在[../Tpl/Tab/history.html]

[ 2015-10-12T20:38:53+08:00 ] 127.0.0.1 /think/flyingtabs/go/index.php//Tab/history
ERR: Syntax Error in template "../Tpl\Tab\history.html"  on line 21 "&lt;/html&gt;" unclosed {foreach} tag

[ 2015-10-12T20:57:11+08:00 ] 127.0.0.1 /think/flyingtabs/go/index.php/Tab/historyBySynctime?username=zhangSan&synctime=23131
ERR: Action:query您所请求的方法不存在！

[ 2015-10-12T20:57:51+08:00 ] 127.0.0.1 /think/flyingtabs/go/index.php/Tab/historyBySynctime?username=zhangSan&synctime=23131
ERR: Action:query您所请求的方法不存在！

[ 2015-10-12T21:02:51+08:00 ] 127.0.0.1 /think/flyingtabs/go/index.php/Tab/url
ERR: 非法操作:url

[ 2015-10-12T21:10:56+08:00 ] 127.0.0.1 /think/flyingtabs/go/index.php//Tab/history
ERR: Syntax Error in template "../Tpl\Tab\history.html"  on line 17 "&lt;a href=&quot;{$smarty.const.INDEX_URL}Tab/historyBySynctime" unknown modifier "data_format"

[ 2015-10-12T21:11:17+08:00 ] 127.0.0.1 /think/flyingtabs/go/index.php//Tab/history
ERR: Syntax Error in template "../Tpl\Tab\history.html"  on line 17 "&lt;a href=&quot;{$smarty.const.INDEX_URL}Tab/historyBySynctime"  - Unexpected "{", expected one of: "}" , " "

