[ 2015-10-22T20:53:33+08:00 ] 127.0.0.1 /think/flyingtabs/go/index.php/User/checkUsername
NOTIC: [8] Use of undefined constant GROUP_NAME - assumed 'GROUP_NAME' D:\amp\apache\htdocs\static\think\ThinkPHP\Lib\Core\App.class.php 第 61 行.
INFO: [ app_begin ] --START--
INFO: ReadHtmlCache Behavior ::run [ RunTime:0.000641s ]
INFO: [ app_begin ] --END-- [ RunTime:0.000697s ]
SQL: SHOW COLUMNS FROM `ft_user` [ RunTime:0.029633s ]
SQL: SELECT * FROM `ft_user` WHERE ( `user_name` = 'zhangSanwrewrerew' ) LIMIT 1   [ RunTime:0.000869s ]

[ 2015-10-22T20:53:34+08:00 ] 127.0.0.1 /think/flyingtabs/go/index.php/User/regist
NOTIC: [8] Use of undefined constant GROUP_NAME - assumed 'GROUP_NAME' D:\amp\apache\htdocs\static\think\ThinkPHP\Lib\Core\App.class.php 第 61 行.
INFO: [ app_begin ] --START--
INFO: ReadHtmlCache Behavior ::run [ RunTime:0.001097s ]
INFO: [ app_begin ] --END-- [ RunTime:0.001201s ]
SQL: SHOW COLUMNS FROM `ft_user` [ RunTime:0.011231s ]
SQL: SELECT * FROM `ft_user` WHERE ( `user_name` = 'zhangSanwrewrerew' ) LIMIT 1   [ RunTime:0.000477s ]
SQL: INSERT INTO `ft_user` (`user_name`,`user_pass`,`email`) VALUES ('zhangSanwrewrerew','96e79218965eb72c92a549dd5a330112','zhangSan@126.com') [ RunTime:0.135341s ]

[ 2015-10-22T20:53:49+08:00 ] 127.0.0.1 /think/flyingtabs/go/index.php/User/checkUsername
NOTIC: [8] Use of undefined constant GROUP_NAME - assumed 'GROUP_NAME' D:\amp\apache\htdocs\static\think\ThinkPHP\Lib\Core\App.class.php 第 61 行.
INFO: [ app_begin ] --START--
INFO: ReadHtmlCache Behavior ::run [ RunTime:0.000927s ]
INFO: [ app_begin ] --END-- [ RunTime:0.001018s ]
SQL: SHOW COLUMNS FROM `ft_user` [ RunTime:0.012921s ]
SQL: SELECT * FROM `ft_user` WHERE ( `user_name` = 'zhangSan' ) LIMIT 1   [ RunTime:0.000535s ]

[ 2015-10-22T20:55:01+08:00 ] 127.0.0.1 /think/flyingtabs/go/index.php/User/checkUsername
NOTIC: [8] Use of undefined constant GROUP_NAME - assumed 'GROUP_NAME' D:\amp\apache\htdocs\static\think\ThinkPHP\Lib\Core\App.class.php 第 61 行.
INFO: [ app_begin ] --START--
INFO: ReadHtmlCache Behavior ::run [ RunTime:0.000738s ]
INFO: [ app_begin ] --END-- [ RunTime:0.000807s ]
SQL: SHOW COLUMNS FROM `ft_user` [ RunTime:0.023280s ]
SQL: SELECT * FROM `ft_user` WHERE ( `user_name` = 'zhangSan3433234324' ) LIMIT 1   [ RunTime:0.000636s ]

[ 2015-10-22T20:55:03+08:00 ] 127.0.0.1 /think/flyingtabs/go/index.php/User/regist
NOTIC: [8] Use of undefined constant GROUP_NAME - assumed 'GROUP_NAME' D:\amp\apache\htdocs\static\think\ThinkPHP\Lib\Core\App.class.php 第 61 行.
INFO: [ app_begin ] --START--
INFO: ReadHtmlCache Behavior ::run [ RunTime:0.000610s ]
INFO: [ app_begin ] --END-- [ RunTime:0.000659s ]
SQL: SHOW COLUMNS FROM `ft_user` [ RunTime:0.012777s ]
SQL: SELECT * FROM `ft_user` WHERE ( `user_name` = 'zhangSan3433234324' ) LIMIT 1   [ RunTime:0.000472s ]
SQL: INSERT INTO `ft_user` (`user_name`,`user_pass`,`email`) VALUES ('zhangSan3433234324','96e79218965eb72c92a549dd5a330112','zhangSan@126.com') [ RunTime:0.080929s ]

[ 2015-10-22T20:55:52+08:00 ] 127.0.0.1 /think/flyingtabs/go/index.php/User/checkUsername
NOTIC: [8] Use of undefined constant GROUP_NAME - assumed 'GROUP_NAME' D:\amp\apache\htdocs\static\think\ThinkPHP\Lib\Core\App.class.php 第 61 行.
INFO: [ app_begin ] --START--
INFO: ReadHtmlCache Behavior ::run [ RunTime:0.000615s ]
INFO: [ app_begin ] --END-- [ RunTime:0.000671s ]
SQL: SHOW COLUMNS FROM `ft_user` [ RunTime:0.024304s ]
SQL: SELECT * FROM `ft_user` WHERE ( `user_name` = 'zhangSanwrwerfewrrwe' ) LIMIT 1   [ RunTime:0.000878s ]

[ 2015-10-22T20:55:53+08:00 ] 127.0.0.1 /think/flyingtabs/go/index.php/User/regist
NOTIC: [8] Use of undefined constant GROUP_NAME - assumed 'GROUP_NAME' D:\amp\apache\htdocs\static\think\ThinkPHP\Lib\Core\App.class.php 第 61 行.
INFO: [ app_begin ] --START--
INFO: ReadHtmlCache Behavior ::run [ RunTime:0.000706s ]
INFO: [ app_begin ] --END-- [ RunTime:0.000768s ]
SQL: SHOW COLUMNS FROM `ft_user` [ RunTime:0.025892s ]
SQL: SELECT * FROM `ft_user` WHERE ( `user_name` = 'zhangSanwrwerfewrrwe' ) LIMIT 1   [ RunTime:0.000881s ]
SQL: INSERT INTO `ft_user` (`user_name`,`user_pass`,`email`) VALUES ('zhangSanwrwerfewrrwe','96e79218965eb72c92a549dd5a330112','zhangSan@126.com') [ RunTime:0.088202s ]

[ 2015-10-22T20:57:18+08:00 ] 127.0.0.1 /think/flyingtabs/go/index.php/User/checkUsername
NOTIC: [8] Use of undefined constant GROUP_NAME - assumed 'GROUP_NAME' D:\amp\apache\htdocs\static\think\ThinkPHP\Lib\Core\App.class.php 第 61 行.
INFO: [ app_begin ] --START--
INFO: ReadHtmlCache Behavior ::run [ RunTime:0.000529s ]
INFO: [ app_begin ] --END-- [ RunTime:0.000570s ]
SQL: SHOW COLUMNS FROM `ft_user` [ RunTime:0.015766s ]
SQL: SELECT * FROM `ft_user` WHERE ( `user_name` = 'zhangSan' ) LIMIT 1   [ RunTime:0.000527s ]

[ 2015-10-22T20:59:45+08:00 ] 127.0.0.1 /think/flyingtabs/go/index.php/User/checkUsername
NOTIC: [8] Use of undefined constant GROUP_NAME - assumed 'GROUP_NAME' D:\amp\apache\htdocs\static\think\ThinkPHP\Lib\Core\App.class.php 第 61 行.
INFO: [ app_begin ] --START--
INFO: ReadHtmlCache Behavior ::run [ RunTime:0.000754s ]
INFO: [ app_begin ] --END-- [ RunTime:0.000815s ]
SQL: SHOW COLUMNS FROM `ft_user` [ RunTime:0.012004s ]
SQL: SELECT * FROM `ft_user` WHERE ( `user_name` = 'zhangSan' ) LIMIT 1   [ RunTime:0.000420s ]

[ 2015-10-22T21:00:55+08:00 ] 127.0.0.1 /think/flyingtabs/go/index.php/User/checkUsername
NOTIC: [8] Use of undefined constant GROUP_NAME - assumed 'GROUP_NAME' D:\amp\apache\htdocs\static\think\ThinkPHP\Lib\Core\App.class.php 第 61 行.
INFO: [ app_begin ] --START--
INFO: ReadHtmlCache Behavior ::run [ RunTime:0.000567s ]
INFO: [ app_begin ] --END-- [ RunTime:0.000618s ]
SQL: SHOW COLUMNS FROM `ft_user` [ RunTime:0.028859s ]
SQL: SELECT * FROM `ft_user` WHERE ( `user_name` = 'zhangSanhgfh' ) LIMIT 1   [ RunTime:0.000579s ]

[ 2015-10-22T21:00:56+08:00 ] 127.0.0.1 /think/flyingtabs/go/index.php/User/regist
NOTIC: [8] Use of undefined constant GROUP_NAME - assumed 'GROUP_NAME' D:\amp\apache\htdocs\static\think\ThinkPHP\Lib\Core\App.class.php 第 61 行.
INFO: [ app_begin ] --START--
INFO: ReadHtmlCache Behavior ::run [ RunTime:0.000507s ]
INFO: [ app_begin ] --END-- [ RunTime:0.000548s ]
SQL: SHOW COLUMNS FROM `ft_user` [ RunTime:0.026823s ]
SQL: SELECT * FROM `ft_user` WHERE ( `user_name` = 'zhangSanhgfh' ) LIMIT 1   [ RunTime:0.000896s ]
SQL: INSERT INTO `ft_user` (`user_name`,`user_pass`,`email`) VALUES ('zhangSanhgfh','96e79218965eb72c92a549dd5a330112','zhangSan@126.com') [ RunTime:0.075635s ]

[ 2015-10-22T21:02:35+08:00 ] 127.0.0.1 /think/flyingtabs/go/index.php/User/checkUsername
NOTIC: [8] Use of undefined constant GROUP_NAME - assumed 'GROUP_NAME' D:\amp\apache\htdocs\static\think\ThinkPHP\Lib\Core\App.class.php 第 61 行.
INFO: [ app_begin ] --START--
INFO: ReadHtmlCache Behavior ::run [ RunTime:0.001600s ]
INFO: [ app_begin ] --END-- [ RunTime:0.001726s ]
SQL: SHOW COLUMNS FROM `ft_user` [ RunTime:0.011428s ]
SQL: SELECT * FROM `ft_user` WHERE ( `user_name` = 'zhangSanrfgdfgdg' ) LIMIT 1   [ RunTime:0.000409s ]

[ 2015-10-22T21:02:48+08:00 ] 127.0.0.1 /think/flyingtabs/go/index.php/User/checkUsername
NOTIC: [8] Use of undefined constant GROUP_NAME - assumed 'GROUP_NAME' D:\amp\apache\htdocs\static\think\ThinkPHP\Lib\Core\App.class.php 第 61 行.
INFO: [ app_begin ] --START--
INFO: ReadHtmlCache Behavior ::run [ RunTime:0.000677s ]
INFO: [ app_begin ] --END-- [ RunTime:0.000743s ]
SQL: SHOW COLUMNS FROM `ft_user` [ RunTime:0.025294s ]
SQL: SELECT * FROM `ft_user` WHERE ( `user_name` = 'zhangSanrfgdfgdg' ) LIMIT 1   [ RunTime:0.000576s ]

[ 2015-10-22T21:02:50+08:00 ] 127.0.0.1 /think/flyingtabs/go/index.php/User/regist
NOTIC: [8] Use of undefined constant GROUP_NAME - assumed 'GROUP_NAME' D:\amp\apache\htdocs\static\think\ThinkPHP\Lib\Core\App.class.php 第 61 行.
INFO: [ app_begin ] --START--
INFO: ReadHtmlCache Behavior ::run [ RunTime:0.000623s ]
INFO: [ app_begin ] --END-- [ RunTime:0.000687s ]
SQL: SHOW COLUMNS FROM `ft_user` [ RunTime:0.015462s ]
SQL: SELECT * FROM `ft_user` WHERE ( `user_name` = 'zhangSanrfgdfgdg' ) LIMIT 1   [ RunTime:0.000518s ]
SQL: INSERT INTO `ft_user` (`user_name`,`user_pass`,`email`) VALUES ('zhangSanrfgdfgdg','96e79218965eb72c92a549dd5a330112','zhangSan@126.com') [ RunTime:0.088246s ]

[ 2015-10-22T21:03:09+08:00 ] 127.0.0.1 /think/flyingtabs/go/index.php/User/checkUsername
NOTIC: [8] Use of undefined constant GROUP_NAME - assumed 'GROUP_NAME' D:\amp\apache\htdocs\static\think\ThinkPHP\Lib\Core\App.class.php 第 61 行.
INFO: [ app_begin ] --START--
INFO: ReadHtmlCache Behavior ::run [ RunTime:0.000464s ]
INFO: [ app_begin ] --END-- [ RunTime:0.000518s ]
SQL: SHOW COLUMNS FROM `ft_user` [ RunTime:0.031881s ]
SQL: SELECT * FROM `ft_user` WHERE ( `user_name` = 'zhangSandsfsd' ) LIMIT 1   [ RunTime:0.000359s ]

[ 2015-10-22T21:03:29+08:00 ] 127.0.0.1 /think/flyingtabs/go/index.php/User/checkUsername
NOTIC: [8] Use of undefined constant GROUP_NAME - assumed 'GROUP_NAME' D:\amp\apache\htdocs\static\think\ThinkPHP\Lib\Core\App.class.php 第 61 行.
INFO: [ app_begin ] --START--
INFO: ReadHtmlCache Behavior ::run [ RunTime:0.000529s ]
INFO: [ app_begin ] --END-- [ RunTime:0.000577s ]
SQL: SHOW COLUMNS FROM `ft_user` [ RunTime:0.029187s ]
SQL: SELECT * FROM `ft_user` WHERE ( `user_name` = 'zhangSandsfsd' ) LIMIT 1   [ RunTime:0.000429s ]

[ 2015-10-22T21:03:33+08:00 ] 127.0.0.1 /think/flyingtabs/go/index.php/User/checkUsername
NOTIC: [8] Use of undefined constant GROUP_NAME - assumed 'GROUP_NAME' D:\amp\apache\htdocs\static\think\ThinkPHP\Lib\Core\App.class.php 第 61 行.
INFO: [ app_begin ] --START--
INFO: ReadHtmlCache Behavior ::run [ RunTime:0.000559s ]
INFO: [ app_begin ] --END-- [ RunTime:0.000609s ]
SQL: SHOW COLUMNS FROM `ft_user` [ RunTime:0.019746s ]
SQL: SELECT * FROM `ft_user` WHERE ( `user_name` = 'zhangSandsfsd' ) LIMIT 1   [ RunTime:0.000541s ]

[ 2015-10-22T21:03:34+08:00 ] 127.0.0.1 /think/flyingtabs/go/index.php/User/regist
NOTIC: [8] Use of undefined constant GROUP_NAME - assumed 'GROUP_NAME' D:\amp\apache\htdocs\static\think\ThinkPHP\Lib\Core\App.class.php 第 61 行.
INFO: [ app_begin ] --START--
INFO: ReadHtmlCache Behavior ::run [ RunTime:0.000589s ]
INFO: [ app_begin ] --END-- [ RunTime:0.000652s ]
SQL: SHOW COLUMNS FROM `ft_user` [ RunTime:0.026800s ]
SQL: SELECT * FROM `ft_user` WHERE ( `user_name` = 'zhangSandsfsd' ) LIMIT 1   [ RunTime:0.001012s ]

[ 2015-10-22T21:03:38+08:00 ] 127.0.0.1 /think/flyingtabs/go/index.php/User/checkUsername
NOTIC: [8] Use of undefined constant GROUP_NAME - assumed 'GROUP_NAME' D:\amp\apache\htdocs\static\think\ThinkPHP\Lib\Core\App.class.php 第 61 行.
INFO: [ app_begin ] --START--
INFO: ReadHtmlCache Behavior ::run [ RunTime:0.000543s ]
INFO: [ app_begin ] --END-- [ RunTime:0.000591s ]
SQL: SHOW COLUMNS FROM `ft_user` [ RunTime:0.027133s ]
SQL: SELECT * FROM `ft_user` WHERE ( `user_name` = 'zhangSanfdfdssdf' ) LIMIT 1   [ RunTime:0.000567s ]

[ 2015-10-22T21:03:39+08:00 ] 127.0.0.1 /think/flyingtabs/go/index.php/User/regist
NOTIC: [8] Use of undefined constant GROUP_NAME - assumed 'GROUP_NAME' D:\amp\apache\htdocs\static\think\ThinkPHP\Lib\Core\App.class.php 第 61 行.
INFO: [ app_begin ] --START--
INFO: ReadHtmlCache Behavior ::run [ RunTime:0.000476s ]
INFO: [ app_begin ] --END-- [ RunTime:0.000519s ]
SQL: SHOW COLUMNS FROM `ft_user` [ RunTime:0.020505s ]
SQL: SELECT * FROM `ft_user` WHERE ( `user_name` = 'zhangSanfdfdssdf' ) LIMIT 1   [ RunTime:0.000735s ]
SQL: INSERT INTO `ft_user` (`user_name`,`user_pass`,`email`) VALUES ('zhangSanfdfdssdf','96e79218965eb72c92a549dd5a330112','zhangSan@126.com') [ RunTime:0.091436s ]

[ 2015-10-22T21:10:34+08:00 ] 127.0.0.1 /think/flyingtabs/go/index.php/User/checkUsername
NOTIC: [8] Use of undefined constant GROUP_NAME - assumed 'GROUP_NAME' D:\amp\apache\htdocs\static\think\ThinkPHP\Lib\Core\App.class.php 第 61 行.
INFO: [ app_begin ] --START--
INFO: ReadHtmlCache Behavior ::run [ RunTime:0.000752s ]
INFO: [ app_begin ] --END-- [ RunTime:0.000814s ]
SQL: SHOW COLUMNS FROM `ft_user` [ RunTime:0.011724s ]
SQL: SELECT * FROM `ft_user` WHERE ( `user_name` = 'zhangSanfdfdssdf' ) LIMIT 1   [ RunTime:0.000473s ]

[ 2015-10-22T21:28:36+08:00 ] 127.0.0.1 /think/flyingtabs/go/index.php/User/checkUsername
NOTIC: [8] Use of undefined constant GROUP_NAME - assumed 'GROUP_NAME' D:\amp\apache\htdocs\static\think\ThinkPHP\Lib\Core\App.class.php 第 61 行.
INFO: [ app_begin ] --START--
INFO: ReadHtmlCache Behavior ::run [ RunTime:0.000726s ]
INFO: [ app_begin ] --END-- [ RunTime:0.000783s ]
SQL: SHOW COLUMNS FROM `ft_user` [ RunTime:0.015621s ]
SQL: SELECT * FROM `ft_user` WHERE ( `user_name` = 'zhangSan退热贴' ) LIMIT 1   [ RunTime:0.000513s ]

[ 2015-10-22T21:28:37+08:00 ] 127.0.0.1 /think/flyingtabs/go/index.php/User/regist
NOTIC: [8] Use of undefined constant GROUP_NAME - assumed 'GROUP_NAME' D:\amp\apache\htdocs\static\think\ThinkPHP\Lib\Core\App.class.php 第 61 行.
INFO: [ app_begin ] --START--
INFO: ReadHtmlCache Behavior ::run [ RunTime:0.000563s ]
INFO: [ app_begin ] --END-- [ RunTime:0.000608s ]
SQL: SHOW COLUMNS FROM `ft_user` [ RunTime:0.028628s ]
SQL: SELECT * FROM `ft_user` WHERE ( `user_name` = 'zhangSan退热贴' ) LIMIT 1   [ RunTime:0.000904s ]
SQL: INSERT INTO `ft_user` (`user_name`,`user_pass`,`email`) VALUES ('zhangSan退热贴','96e79218965eb72c92a549dd5a330112','zhangSan@126.com') [ RunTime:0.094205s ]

[ 2015-10-22T21:29:26+08:00 ] 127.0.0.1 /think/flyingtabs/go/index.php/User/regist
NOTIC: [8] Use of undefined constant GROUP_NAME - assumed 'GROUP_NAME' D:\amp\apache\htdocs\static\think\ThinkPHP\Lib\Core\App.class.php 第 61 行.
INFO: [ app_begin ] --START--
INFO: ReadHtmlCache Behavior ::run [ RunTime:0.001391s ]
INFO: [ app_begin ] --END-- [ RunTime:0.001510s ]
SQL: SHOW COLUMNS FROM `ft_user` [ RunTime:0.033826s ]
SQL: SELECT * FROM `ft_user` WHERE ( `user_name` = 'zhangSan退热贴任务图' ) LIMIT 1   [ RunTime:0.000498s ]
SQL: INSERT INTO `ft_user` (`user_name`,`user_pass`,`email`) VALUES ('zhangSan退热贴任务图','96e79218965eb72c92a549dd5a330112','zhangSan@126.com') [ RunTime:0.086398s ]

[ 2015-10-22T21:29:27+08:00 ] 127.0.0.1 /think/flyingtabs/go/index.php/User/checkUsername
NOTIC: [8] Use of undefined constant GROUP_NAME - assumed 'GROUP_NAME' D:\amp\apache\htdocs\static\think\ThinkPHP\Lib\Core\App.class.php 第 61 行.
INFO: [ app_begin ] --START--
INFO: ReadHtmlCache Behavior ::run [ RunTime:0.000841s ]
INFO: [ app_begin ] --END-- [ RunTime:0.000911s ]
SQL: SHOW COLUMNS FROM `ft_user` [ RunTime:0.028213s ]
SQL: SELECT * FROM `ft_user` WHERE ( `user_name` = 'zhangSan退热贴任务图' ) LIMIT 1   [ RunTime:0.000487s ]

[ 2015-10-22T21:29:40+08:00 ] 127.0.0.1 /think/flyingtabs/go/index.php/User/checkUsername
NOTIC: [8] Use of undefined constant GROUP_NAME - assumed 'GROUP_NAME' D:\amp\apache\htdocs\static\think\ThinkPHP\Lib\Core\App.class.php 第 61 行.
INFO: [ app_begin ] --START--
INFO: ReadHtmlCache Behavior ::run [ RunTime:0.000465s ]
INFO: [ app_begin ] --END-- [ RunTime:0.000509s ]
SQL: SHOW COLUMNS FROM `ft_user` [ RunTime:0.011244s ]
SQL: SELECT * FROM `ft_user` WHERE ( `user_name` = 'zhangSantesfgsg' ) LIMIT 1   [ RunTime:0.000382s ]

[ 2015-10-22T21:29:41+08:00 ] 127.0.0.1 /think/flyingtabs/go/index.php/User/regist
NOTIC: [8] Use of undefined constant GROUP_NAME - assumed 'GROUP_NAME' D:\amp\apache\htdocs\static\think\ThinkPHP\Lib\Core\App.class.php 第 61 行.
INFO: [ app_begin ] --START--
INFO: ReadHtmlCache Behavior ::run [ RunTime:0.000706s ]
INFO: [ app_begin ] --END-- [ RunTime:0.000784s ]
SQL: SHOW COLUMNS FROM `ft_user` [ RunTime:0.011875s ]
SQL: SELECT * FROM `ft_user` WHERE ( `user_name` = 'zhangSantesfgsg' ) LIMIT 1   [ RunTime:0.000386s ]
SQL: INSERT INTO `ft_user` (`user_name`,`user_pass`,`email`) VALUES ('zhangSantesfgsg','96e79218965eb72c92a549dd5a330112','zhangSan@126.com') [ RunTime:0.038415s ]

[ 2015-10-22T21:31:22+08:00 ] 127.0.0.1 /think/flyingtabs/go/index.php/User/checkUsername
NOTIC: [8] Use of undefined constant GROUP_NAME - assumed 'GROUP_NAME' D:\amp\apache\htdocs\static\think\ThinkPHP\Lib\Core\App.class.php 第 61 行.
INFO: [ app_begin ] --START--
INFO: ReadHtmlCache Behavior ::run [ RunTime:0.000462s ]
INFO: [ app_begin ] --END-- [ RunTime:0.000504s ]
SQL: SHOW COLUMNS FROM `ft_user` [ RunTime:0.031099s ]
SQL: SELECT * FROM `ft_user` WHERE ( `user_name` = 'zhangSanfddsfsfdfa' ) LIMIT 1   [ RunTime:0.000942s ]

[ 2015-10-22T21:31:23+08:00 ] 127.0.0.1 /think/flyingtabs/go/index.php/User/regist
NOTIC: [8] Use of undefined constant GROUP_NAME - assumed 'GROUP_NAME' D:\amp\apache\htdocs\static\think\ThinkPHP\Lib\Core\App.class.php 第 61 行.
INFO: [ app_begin ] --START--
INFO: ReadHtmlCache Behavior ::run [ RunTime:0.000586s ]
INFO: [ app_begin ] --END-- [ RunTime:0.000642s ]
SQL: SHOW COLUMNS FROM `ft_user` [ RunTime:0.027484s ]
SQL: SELECT * FROM `ft_user` WHERE ( `user_name` = 'zhangSanfddsfsfdfa' ) LIMIT 1   [ RunTime:0.001150s ]
SQL: INSERT INTO `ft_user` (`user_name`,`user_pass`,`email`) VALUES ('zhangSanfddsfsfdfa','96e79218965eb72c92a549dd5a330112','zhangSan@126.com') [ RunTime:0.080064s ]

[ 2015-10-22T21:32:06+08:00 ] 127.0.0.1 /think/flyingtabs/go/index.php/User/checkUsername
NOTIC: [8] Use of undefined constant GROUP_NAME - assumed 'GROUP_NAME' D:\amp\apache\htdocs\static\think\ThinkPHP\Lib\Core\App.class.php 第 61 行.
INFO: [ app_begin ] --START--
INFO: ReadHtmlCache Behavior ::run [ RunTime:0.000824s ]
INFO: [ app_begin ] --END-- [ RunTime:0.000894s ]
SQL: SHOW COLUMNS FROM `ft_user` [ RunTime:0.027147s ]
SQL: SELECT * FROM `ft_user` WHERE ( `user_name` = 'zhangSandsffasfdsafs' ) LIMIT 1   [ RunTime:0.000945s ]

[ 2015-10-22T21:32:07+08:00 ] 127.0.0.1 /think/flyingtabs/go/index.php/User/regist
NOTIC: [8] Use of undefined constant GROUP_NAME - assumed 'GROUP_NAME' D:\amp\apache\htdocs\static\think\ThinkPHP\Lib\Core\App.class.php 第 61 行.
INFO: [ app_begin ] --START--
INFO: ReadHtmlCache Behavior ::run [ RunTime:0.000791s ]
INFO: [ app_begin ] --END-- [ RunTime:0.000857s ]
SQL: SHOW COLUMNS FROM `ft_user` [ RunTime:0.026578s ]
SQL: SELECT * FROM `ft_user` WHERE ( `user_name` = 'zhangSandsffasfdsafs' ) LIMIT 1   [ RunTime:0.000572s ]
SQL: INSERT INTO `ft_user` (`user_name`,`user_pass`,`email`) VALUES ('zhangSandsffasfdsafs','96e79218965eb72c92a549dd5a330112','zhangSan@126.com') [ RunTime:0.079751s ]

[ 2015-10-22T21:32:46+08:00 ] 127.0.0.1 /think/flyingtabs/go/index.php/User/checkUsername
NOTIC: [8] Use of undefined constant GROUP_NAME - assumed 'GROUP_NAME' D:\amp\apache\htdocs\static\think\ThinkPHP\Lib\Core\App.class.php 第 61 行.
INFO: [ app_begin ] --START--
INFO: ReadHtmlCache Behavior ::run [ RunTime:0.000496s ]
INFO: [ app_begin ] --END-- [ RunTime:0.000540s ]
SQL: SHOW COLUMNS FROM `ft_user` [ RunTime:0.031877s ]
SQL: SELECT * FROM `ft_user` WHERE ( `user_name` = 'zhangSanfdssffasdfsda' ) LIMIT 1   [ RunTime:0.000573s ]

[ 2015-10-22T21:32:47+08:00 ] 127.0.0.1 /think/flyingtabs/go/index.php/User/regist
NOTIC: [8] Use of undefined constant GROUP_NAME - assumed 'GROUP_NAME' D:\amp\apache\htdocs\static\think\ThinkPHP\Lib\Core\App.class.php 第 61 行.
INFO: [ app_begin ] --START--
INFO: ReadHtmlCache Behavior ::run [ RunTime:0.000473s ]
INFO: [ app_begin ] --END-- [ RunTime:0.000522s ]
SQL: SHOW COLUMNS FROM `ft_user` [ RunTime:0.025668s ]
SQL: SELECT * FROM `ft_user` WHERE ( `user_name` = 'zhangSanfdssffasdfsda' ) LIMIT 1   [ RunTime:0.000887s ]
SQL: INSERT INTO `ft_user` (`user_name`,`user_pass`,`email`) VALUES ('zhangSanfdssffasdfsda','96e79218965eb72c92a549dd5a330112','zhangSan@126.com') [ RunTime:0.080769s ]

[ 2015-10-22T21:36:58+08:00 ] 127.0.0.1 /think/flyingtabs/go/index.php/User/checkUsername
NOTIC: [8] Use of undefined constant GROUP_NAME - assumed 'GROUP_NAME' D:\amp\apache\htdocs\static\think\ThinkPHP\Lib\Core\App.class.php 第 61 行.
INFO: [ app_begin ] --START--
INFO: ReadHtmlCache Behavior ::run [ RunTime:0.000882s ]
INFO: [ app_begin ] --END-- [ RunTime:0.000972s ]
SQL: SHOW COLUMNS FROM `ft_user` [ RunTime:0.030961s ]
SQL: SELECT * FROM `ft_user` WHERE ( `user_name` = 'zhangSandfaffdafdfs' ) LIMIT 1   [ RunTime:0.000907s ]

[ 2015-10-22T21:36:59+08:00 ] 127.0.0.1 /think/flyingtabs/go/index.php/User/regist
NOTIC: [8] Use of undefined constant GROUP_NAME - assumed 'GROUP_NAME' D:\amp\apache\htdocs\static\think\ThinkPHP\Lib\Core\App.class.php 第 61 行.
INFO: [ app_begin ] --START--
INFO: ReadHtmlCache Behavior ::run [ RunTime:0.000655s ]
INFO: [ app_begin ] --END-- [ RunTime:0.000713s ]
SQL: SHOW COLUMNS FROM `ft_user` [ RunTime:0.026398s ]
SQL: SELECT * FROM `ft_user` WHERE ( `user_name` = 'zhangSandfaffdafdfs' ) LIMIT 1   [ RunTime:0.000950s ]
SQL: INSERT INTO `ft_user` (`user_name`,`user_pass`,`email`) VALUES ('zhangSandfaffdafdfs','96e79218965eb72c92a549dd5a330112','zhangSan@126.com') [ RunTime:0.073683s ]

[ 2015-10-22T21:37:04+08:00 ] 127.0.0.1 /think/flyingtabs/go/index.php/Tab/sync
NOTIC: [8] Use of undefined constant GROUP_NAME - assumed 'GROUP_NAME' D:\amp\apache\htdocs\static\think\ThinkPHP\Lib\Core\App.class.php 第 61 行.
INFO: [ app_begin ] --START--
INFO: ReadHtmlCache Behavior ::run [ RunTime:0.000528s ]
INFO: [ app_begin ] --END-- [ RunTime:0.000583s ]
SQL: SHOW COLUMNS FROM `ft_tab` [ RunTime:0.035106s ]
NOTIC: [8] Undefined offset: 1 D:\amp\apache\htdocs\static\think\flyingtabs\Lib\Action\TabAction.class.php 第 13 行.
NOTIC: [8] Undefined variable: sql D:\amp\apache\htdocs\static\think\flyingtabs\Lib\Action\TabAction.class.php 第 19 行.

[ 2015-10-22T21:39:13+08:00 ] 127.0.0.1 /think/flyingtabs/go/index.php/User/checkUsername
NOTIC: [8] Use of undefined constant GROUP_NAME - assumed 'GROUP_NAME' D:\amp\apache\htdocs\static\think\ThinkPHP\Lib\Core\App.class.php 第 61 行.
INFO: [ app_begin ] --START--
INFO: ReadHtmlCache Behavior ::run [ RunTime:0.000564s ]
INFO: [ app_begin ] --END-- [ RunTime:0.000607s ]
SQL: SHOW COLUMNS FROM `ft_user` [ RunTime:0.026696s ]
SQL: SELECT * FROM `ft_user` WHERE ( `user_name` = 'zhangSandfaffdafdfs' ) LIMIT 1   [ RunTime:0.000955s ]

[ 2015-10-22T21:39:54+08:00 ] 127.0.0.1 /think/flyingtabs/go/index.php/User/checkUsername
NOTIC: [8] Use of undefined constant GROUP_NAME - assumed 'GROUP_NAME' D:\amp\apache\htdocs\static\think\ThinkPHP\Lib\Core\App.class.php 第 61 行.
INFO: [ app_begin ] --START--
INFO: ReadHtmlCache Behavior ::run [ RunTime:0.000850s ]
INFO: [ app_begin ] --END-- [ RunTime:0.000916s ]
SQL: SHOW COLUMNS FROM `ft_user` [ RunTime:0.026047s ]
SQL: SELECT * FROM `ft_user` WHERE ( `user_name` = 'zhangSandfaffdafdfs' ) LIMIT 1   [ RunTime:0.000694s ]

[ 2015-10-22T21:39:55+08:00 ] 127.0.0.1 /think/flyingtabs/go/index.php/Tab/sync
NOTIC: [8] Use of undefined constant GROUP_NAME - assumed 'GROUP_NAME' D:\amp\apache\htdocs\static\think\ThinkPHP\Lib\Core\App.class.php 第 61 行.
INFO: [ app_begin ] --START--
INFO: ReadHtmlCache Behavior ::run [ RunTime:0.000610s ]
INFO: [ app_begin ] --END-- [ RunTime:0.000662s ]
SQL: SHOW COLUMNS FROM `ft_tab` [ RunTime:0.026938s ]
NOTIC: [8] Undefined offset: 1 D:\amp\apache\htdocs\static\think\flyingtabs\Lib\Action\TabAction.class.php 第 13 行.

[ 2015-10-22T21:41:12+08:00 ] 127.0.0.1 /think/flyingtabs/go/index.php/Tab/sync
NOTIC: [8] Use of undefined constant GROUP_NAME - assumed 'GROUP_NAME' D:\amp\apache\htdocs\static\think\ThinkPHP\Lib\Core\App.class.php 第 61 行.
INFO: [ app_begin ] --START--
INFO: ReadHtmlCache Behavior ::run [ RunTime:0.000580s ]
INFO: [ app_begin ] --END-- [ RunTime:0.000625s ]
SQL: SHOW COLUMNS FROM `ft_tab` [ RunTime:0.025203s ]
NOTIC: [8] Undefined offset: 1 D:\amp\apache\htdocs\static\think\flyingtabs\Lib\Action\TabAction.class.php 第 13 行.

